2020-09-16 08:28:59,576 [1] INFO  Revit.TestRunner.Log - Revit.TestRunner started '16.09.2020 08:28:59'
2020-09-16 08:28:59,576 [1] INFO  Revit.TestRunner.Log - Microsoft Windows NT 10.0.18363.0, NetFX 4.0.30319.42000
2020-09-16 08:28:59,577 [1] DEBUG Revit.TestRunner.Log - Log Directory 'C:\Code\GitHub\geberit\Revit.TestRunner\src\bin\Addin'
2020-09-16 08:28:59,577 [1] DEBUG Revit.TestRunner.Log - CurrentAppDomain.ApplicationBase 'C:\Program Files\Autodesk\Revit 2020\'
2020-09-16 08:28:59,582 [1] INFO  Revit.TestRunner.Log - Service started '16.09.2020 08:28:59'
2020-09-16 08:31:13,466 [1] INFO  Revit.TestRunner.Log - Service stopped '16.09.2020 08:31:13'
2020-09-16 11:54:38,925 [1] INFO  Revit.TestRunner.Log - Revit.TestRunner started '16.09.2020 11:54:38'
2020-09-16 11:54:38,928 [1] INFO  Revit.TestRunner.Log - Microsoft Windows NT 10.0.18363.0, NetFX 4.0.30319.42000
2020-09-16 11:54:38,929 [1] DEBUG Revit.TestRunner.Log - Log Directory 'C:\Code\GitHub\geberit\Revit.TestRunner\src\bin\Addin'
2020-09-16 11:54:38,929 [1] DEBUG Revit.TestRunner.Log - CurrentAppDomain.ApplicationBase 'C:\Program Files\Autodesk\Revit 2020\'
2020-09-16 11:54:38,935 [1] INFO  Revit.TestRunner.Log - Service started '16.09.2020 11:54:38'
2020-09-16 11:54:41,983 [1] INFO  Revit.TestRunner.Log - Test Request '20200916-102724_1292' - ConsoleRunner (1.2.0.1)
2020-09-16 11:54:42,071 [1] ERROR Revit.TestRunner.Log - System.IO.FileNotFoundException: Das System kann die angegebene Datei nicht finden. (Ausnahme von HRESULT: 0x80070002)
   bei System.Reflection.RuntimeAssembly.nLoadFile(String path, Evidence evidence)
   bei System.Reflection.Assembly.LoadFile(String path)
   bei Revit.TestRunner.Runner.Direct.ReflectionRunner.<RunTest>d__0.MoveNext() in C:\Code\GitHub\geberit\Revit.TestRunner\src\Revit.TestRunner\Runner\Direct\ReflectionRunner.cs:Zeile 53.
2020-09-16 11:54:42,078 [1] INFO  Revit.TestRunner.Log -  >> Test2.Test2 - Failed - Das System kann die angegebene Datei nicht finden. (Ausnahme von HRESULT: 0x80070002)
2020-09-16 11:54:42,078 [1] INFO  Revit.TestRunner.Log - 1        Test Failed  - Revit.TestRunner.SampleTestProject.MoreTests.Test2
2020-09-16 11:54:42,082 [1] INFO  Revit.TestRunner.Log - 	Das System kann die angegebene Datei nicht finden. (Ausnahme von HRESULT: 0x80070002)
2020-09-16 11:54:42,087 [1] INFO  Revit.TestRunner.Log - 	   bei System.Reflection.RuntimeAssembly.nLoadFile(String path, Evidence evidence)
   bei System.Reflection.Assembly.LoadFile(String path)
   bei Revit.TestRunner.Runner.Direct.ReflectionRunner.<RunTest>d__0.MoveNext() in C:\Code\GitHub\geberit\Revit.TestRunner\src\Revit.TestRunner\Runner\Direct\ReflectionRunner.cs:Zeile 53.
2020-09-16 11:54:42,112 [1] ERROR Revit.TestRunner.Log - System.IO.FileNotFoundException: Das System kann die angegebene Datei nicht finden. (Ausnahme von HRESULT: 0x80070002)
   bei System.Reflection.RuntimeAssembly.nLoadFile(String path, Evidence evidence)
   bei System.Reflection.Assembly.LoadFile(String path)
   bei Revit.TestRunner.Runner.Direct.ReflectionRunner.<RunTest>d__0.MoveNext() in C:\Code\GitHub\geberit\Revit.TestRunner\src\Revit.TestRunner\Runner\Direct\ReflectionRunner.cs:Zeile 53.
2020-09-16 11:54:42,112 [1] INFO  Revit.TestRunner.Log -  >> Test4.Test4 - Failed - Das System kann die angegebene Datei nicht finden. (Ausnahme von HRESULT: 0x80070002)
2020-09-16 11:54:42,112 [1] INFO  Revit.TestRunner.Log - 2        Test Failed  - Revit.TestRunner.SampleTestProject.MoreTests.Test4
2020-09-16 11:54:42,116 [1] INFO  Revit.TestRunner.Log - 	Das System kann die angegebene Datei nicht finden. (Ausnahme von HRESULT: 0x80070002)
2020-09-16 11:54:42,121 [1] INFO  Revit.TestRunner.Log - 	   bei System.Reflection.RuntimeAssembly.nLoadFile(String path, Evidence evidence)
   bei System.Reflection.Assembly.LoadFile(String path)
   bei Revit.TestRunner.Runner.Direct.ReflectionRunner.<RunTest>d__0.MoveNext() in C:\Code\GitHub\geberit\Revit.TestRunner\src\Revit.TestRunner\Runner\Direct\ReflectionRunner.cs:Zeile 53.
2020-09-16 11:54:42,147 [1] ERROR Revit.TestRunner.Log - System.IO.FileNotFoundException: Das System kann die angegebene Datei nicht finden. (Ausnahme von HRESULT: 0x80070002)
   bei System.Reflection.RuntimeAssembly.nLoadFile(String path, Evidence evidence)
   bei System.Reflection.Assembly.LoadFile(String path)
   bei Revit.TestRunner.Runner.Direct.ReflectionRunner.<RunTest>d__0.MoveNext() in C:\Code\GitHub\geberit\Revit.TestRunner\src\Revit.TestRunner\Runner\Direct\ReflectionRunner.cs:Zeile 53.
2020-09-16 11:54:42,148 [1] INFO  Revit.TestRunner.Log -  >> Test5Fail.Test5Fail - Failed - Das System kann die angegebene Datei nicht finden. (Ausnahme von HRESULT: 0x80070002)
2020-09-16 11:54:42,148 [1] INFO  Revit.TestRunner.Log - 3        Test Failed  - Revit.TestRunner.SampleTestProject.MoreTests.Test5Fail
2020-09-16 11:54:42,152 [1] INFO  Revit.TestRunner.Log - 	Das System kann die angegebene Datei nicht finden. (Ausnahme von HRESULT: 0x80070002)
2020-09-16 11:54:42,159 [1] INFO  Revit.TestRunner.Log - 	   bei System.Reflection.RuntimeAssembly.nLoadFile(String path, Evidence evidence)
   bei System.Reflection.Assembly.LoadFile(String path)
   bei Revit.TestRunner.Runner.Direct.ReflectionRunner.<RunTest>d__0.MoveNext() in C:\Code\GitHub\geberit\Revit.TestRunner\src\Revit.TestRunner\Runner\Direct\ReflectionRunner.cs:Zeile 53.
2020-09-16 11:54:42,182 [1] ERROR Revit.TestRunner.Log - System.IO.FileNotFoundException: Das System kann die angegebene Datei nicht finden. (Ausnahme von HRESULT: 0x80070002)
   bei System.Reflection.RuntimeAssembly.nLoadFile(String path, Evidence evidence)
   bei System.Reflection.Assembly.LoadFile(String path)
   bei Revit.TestRunner.Runner.Direct.ReflectionRunner.<RunTest>d__0.MoveNext() in C:\Code\GitHub\geberit\Revit.TestRunner\src\Revit.TestRunner\Runner\Direct\ReflectionRunner.cs:Zeile 53.
2020-09-16 11:54:42,182 [1] INFO  Revit.TestRunner.Log -  >> Test3Async.Test3Async - Failed - Das System kann die angegebene Datei nicht finden. (Ausnahme von HRESULT: 0x80070002)
2020-09-16 11:54:42,182 [1] INFO  Revit.TestRunner.Log - 4        Test Failed  - Revit.TestRunner.SampleTestProject.MoreTests.Test3Async
2020-09-16 11:54:42,187 [1] INFO  Revit.TestRunner.Log - 	Das System kann die angegebene Datei nicht finden. (Ausnahme von HRESULT: 0x80070002)
2020-09-16 11:54:42,191 [1] INFO  Revit.TestRunner.Log - 	   bei System.Reflection.RuntimeAssembly.nLoadFile(String path, Evidence evidence)
   bei System.Reflection.Assembly.LoadFile(String path)
   bei Revit.TestRunner.Runner.Direct.ReflectionRunner.<RunTest>d__0.MoveNext() in C:\Code\GitHub\geberit\Revit.TestRunner\src\Revit.TestRunner\Runner\Direct\ReflectionRunner.cs:Zeile 53.
2020-09-16 11:54:42,214 [1] ERROR Revit.TestRunner.Log - System.IO.FileNotFoundException: Das System kann die angegebene Datei nicht finden. (Ausnahme von HRESULT: 0x80070002)
   bei System.Reflection.RuntimeAssembly.nLoadFile(String path, Evidence evidence)
   bei System.Reflection.Assembly.LoadFile(String path)
   bei Revit.TestRunner.Runner.Direct.ReflectionRunner.<RunTest>d__0.MoveNext() in C:\Code\GitHub\geberit\Revit.TestRunner\src\Revit.TestRunner\Runner\Direct\ReflectionRunner.cs:Zeile 53.
2020-09-16 11:54:42,214 [1] INFO  Revit.TestRunner.Log -  >> Test3AsyncFail.Test3AsyncFail - Failed - Das System kann die angegebene Datei nicht finden. (Ausnahme von HRESULT: 0x80070002)
2020-09-16 11:54:42,215 [1] INFO  Revit.TestRunner.Log - 5        Test Failed  - Revit.TestRunner.SampleTestProject.MoreTests.Test3AsyncFail
2020-09-16 11:54:42,219 [1] INFO  Revit.TestRunner.Log - 	Das System kann die angegebene Datei nicht finden. (Ausnahme von HRESULT: 0x80070002)
2020-09-16 11:54:42,224 [1] INFO  Revit.TestRunner.Log - 	   bei System.Reflection.RuntimeAssembly.nLoadFile(String path, Evidence evidence)
   bei System.Reflection.Assembly.LoadFile(String path)
   bei Revit.TestRunner.Runner.Direct.ReflectionRunner.<RunTest>d__0.MoveNext() in C:\Code\GitHub\geberit\Revit.TestRunner\src\Revit.TestRunner\Runner\Direct\ReflectionRunner.cs:Zeile 53.
2020-09-16 11:54:42,236 [1] INFO  Revit.TestRunner.Log - Test run end - duration 00:00:00.2433228
2020-09-16 11:54:42,384 [1] INFO  Revit.TestRunner.Log - Test Request '20200916-103119_4956' - ConsoleRunner (1.2.0.1)
2020-09-16 11:54:42,419 [1] ERROR Revit.TestRunner.Log - System.IO.FileNotFoundException: Das System kann die angegebene Datei nicht finden. (Ausnahme von HRESULT: 0x80070002)
   bei System.Reflection.RuntimeAssembly.nLoadFile(String path, Evidence evidence)
   bei System.Reflection.Assembly.LoadFile(String path)
   bei Revit.TestRunner.Runner.Direct.ReflectionRunner.<RunTest>d__0.MoveNext() in C:\Code\GitHub\geberit\Revit.TestRunner\src\Revit.TestRunner\Runner\Direct\ReflectionRunner.cs:Zeile 53.
2020-09-16 11:54:42,420 [1] INFO  Revit.TestRunner.Log -  >> Test2.Test2 - Failed - Das System kann die angegebene Datei nicht finden. (Ausnahme von HRESULT: 0x80070002)
2020-09-16 11:54:42,420 [1] INFO  Revit.TestRunner.Log - 1        Test Failed  - Revit.TestRunner.SampleTestProject.MoreTests.Test2
2020-09-16 11:54:42,425 [1] INFO  Revit.TestRunner.Log - 	Das System kann die angegebene Datei nicht finden. (Ausnahme von HRESULT: 0x80070002)
2020-09-16 11:54:42,432 [1] INFO  Revit.TestRunner.Log - 	   bei System.Reflection.RuntimeAssembly.nLoadFile(String path, Evidence evidence)
   bei System.Reflection.Assembly.LoadFile(String path)
   bei Revit.TestRunner.Runner.Direct.ReflectionRunner.<RunTest>d__0.MoveNext() in C:\Code\GitHub\geberit\Revit.TestRunner\src\Revit.TestRunner\Runner\Direct\ReflectionRunner.cs:Zeile 53.
2020-09-16 11:54:42,458 [1] ERROR Revit.TestRunner.Log - System.IO.FileNotFoundException: Das System kann die angegebene Datei nicht finden. (Ausnahme von HRESULT: 0x80070002)
   bei System.Reflection.RuntimeAssembly.nLoadFile(String path, Evidence evidence)
   bei System.Reflection.Assembly.LoadFile(String path)
   bei Revit.TestRunner.Runner.Direct.ReflectionRunner.<RunTest>d__0.MoveNext() in C:\Code\GitHub\geberit\Revit.TestRunner\src\Revit.TestRunner\Runner\Direct\ReflectionRunner.cs:Zeile 53.
2020-09-16 11:54:42,458 [1] INFO  Revit.TestRunner.Log -  >> Test4.Test4 - Failed - Das System kann die angegebene Datei nicht finden. (Ausnahme von HRESULT: 0x80070002)
2020-09-16 11:54:42,458 [1] INFO  Revit.TestRunner.Log - 2        Test Failed  - Revit.TestRunner.SampleTestProject.MoreTests.Test4
2020-09-16 11:54:42,465 [1] INFO  Revit.TestRunner.Log - 	Das System kann die angegebene Datei nicht finden. (Ausnahme von HRESULT: 0x80070002)
2020-09-16 11:54:42,476 [1] INFO  Revit.TestRunner.Log - 	   bei System.Reflection.RuntimeAssembly.nLoadFile(String path, Evidence evidence)
   bei System.Reflection.Assembly.LoadFile(String path)
   bei Revit.TestRunner.Runner.Direct.ReflectionRunner.<RunTest>d__0.MoveNext() in C:\Code\GitHub\geberit\Revit.TestRunner\src\Revit.TestRunner\Runner\Direct\ReflectionRunner.cs:Zeile 53.
2020-09-16 11:54:42,505 [1] ERROR Revit.TestRunner.Log - System.IO.FileNotFoundException: Das System kann die angegebene Datei nicht finden. (Ausnahme von HRESULT: 0x80070002)
   bei System.Reflection.RuntimeAssembly.nLoadFile(String path, Evidence evidence)
   bei System.Reflection.Assembly.LoadFile(String path)
   bei Revit.TestRunner.Runner.Direct.ReflectionRunner.<RunTest>d__0.MoveNext() in C:\Code\GitHub\geberit\Revit.TestRunner\src\Revit.TestRunner\Runner\Direct\ReflectionRunner.cs:Zeile 53.
2020-09-16 11:54:42,506 [1] INFO  Revit.TestRunner.Log -  >> Test5Fail.Test5Fail - Failed - Das System kann die angegebene Datei nicht finden. (Ausnahme von HRESULT: 0x80070002)
2020-09-16 11:54:42,506 [1] INFO  Revit.TestRunner.Log - 3        Test Failed  - Revit.TestRunner.SampleTestProject.MoreTests.Test5Fail
2020-09-16 11:54:42,512 [1] INFO  Revit.TestRunner.Log - 	Das System kann die angegebene Datei nicht finden. (Ausnahme von HRESULT: 0x80070002)
2020-09-16 11:54:42,530 [1] INFO  Revit.TestRunner.Log - 	   bei System.Reflection.RuntimeAssembly.nLoadFile(String path, Evidence evidence)
   bei System.Reflection.Assembly.LoadFile(String path)
   bei Revit.TestRunner.Runner.Direct.ReflectionRunner.<RunTest>d__0.MoveNext() in C:\Code\GitHub\geberit\Revit.TestRunner\src\Revit.TestRunner\Runner\Direct\ReflectionRunner.cs:Zeile 53.
2020-09-16 11:54:42,573 [1] ERROR Revit.TestRunner.Log - System.IO.FileNotFoundException: Das System kann die angegebene Datei nicht finden. (Ausnahme von HRESULT: 0x80070002)
   bei System.Reflection.RuntimeAssembly.nLoadFile(String path, Evidence evidence)
   bei System.Reflection.Assembly.LoadFile(String path)
   bei Revit.TestRunner.Runner.Direct.ReflectionRunner.<RunTest>d__0.MoveNext() in C:\Code\GitHub\geberit\Revit.TestRunner\src\Revit.TestRunner\Runner\Direct\ReflectionRunner.cs:Zeile 53.
2020-09-16 11:54:42,573 [1] INFO  Revit.TestRunner.Log -  >> Test3Async.Test3Async - Failed - Das System kann die angegebene Datei nicht finden. (Ausnahme von HRESULT: 0x80070002)
2020-09-16 11:54:42,573 [1] INFO  Revit.TestRunner.Log - 4        Test Failed  - Revit.TestRunner.SampleTestProject.MoreTests.Test3Async
2020-09-16 11:54:42,582 [1] INFO  Revit.TestRunner.Log - 	Das System kann die angegebene Datei nicht finden. (Ausnahme von HRESULT: 0x80070002)
2020-09-16 11:54:42,590 [1] INFO  Revit.TestRunner.Log - 	   bei System.Reflection.RuntimeAssembly.nLoadFile(String path, Evidence evidence)
   bei System.Reflection.Assembly.LoadFile(String path)
   bei Revit.TestRunner.Runner.Direct.ReflectionRunner.<RunTest>d__0.MoveNext() in C:\Code\GitHub\geberit\Revit.TestRunner\src\Revit.TestRunner\Runner\Direct\ReflectionRunner.cs:Zeile 53.
2020-09-16 11:54:42,620 [1] ERROR Revit.TestRunner.Log - System.IO.FileNotFoundException: Das System kann die angegebene Datei nicht finden. (Ausnahme von HRESULT: 0x80070002)
   bei System.Reflection.RuntimeAssembly.nLoadFile(String path, Evidence evidence)
   bei System.Reflection.Assembly.LoadFile(String path)
   bei Revit.TestRunner.Runner.Direct.ReflectionRunner.<RunTest>d__0.MoveNext() in C:\Code\GitHub\geberit\Revit.TestRunner\src\Revit.TestRunner\Runner\Direct\ReflectionRunner.cs:Zeile 53.
2020-09-16 11:54:42,620 [1] INFO  Revit.TestRunner.Log -  >> Test3AsyncFail.Test3AsyncFail - Failed - Das System kann die angegebene Datei nicht finden. (Ausnahme von HRESULT: 0x80070002)
2020-09-16 11:54:42,620 [1] INFO  Revit.TestRunner.Log - 5        Test Failed  - Revit.TestRunner.SampleTestProject.MoreTests.Test3AsyncFail
2020-09-16 11:54:42,626 [1] INFO  Revit.TestRunner.Log - 	Das System kann die angegebene Datei nicht finden. (Ausnahme von HRESULT: 0x80070002)
2020-09-16 11:54:42,633 [1] INFO  Revit.TestRunner.Log - 	   bei System.Reflection.RuntimeAssembly.nLoadFile(String path, Evidence evidence)
   bei System.Reflection.Assembly.LoadFile(String path)
   bei Revit.TestRunner.Runner.Direct.ReflectionRunner.<RunTest>d__0.MoveNext() in C:\Code\GitHub\geberit\Revit.TestRunner\src\Revit.TestRunner\Runner\Direct\ReflectionRunner.cs:Zeile 53.
2020-09-16 11:54:42,647 [1] INFO  Revit.TestRunner.Log - Test run end - duration 00:00:00.2483351
2020-09-16 11:54:42,871 [1] INFO  Revit.TestRunner.Log - Test Request '20200916-103335_3743' - ConsoleRunner (1.2.0.1)
2020-09-16 11:54:42,911 [1] ERROR Revit.TestRunner.Log - System.IO.FileNotFoundException: Das System kann die angegebene Datei nicht finden. (Ausnahme von HRESULT: 0x80070002)
   bei System.Reflection.RuntimeAssembly.nLoadFile(String path, Evidence evidence)
   bei System.Reflection.Assembly.LoadFile(String path)
   bei Revit.TestRunner.Runner.Direct.ReflectionRunner.<RunTest>d__0.MoveNext() in C:\Code\GitHub\geberit\Revit.TestRunner\src\Revit.TestRunner\Runner\Direct\ReflectionRunner.cs:Zeile 53.
2020-09-16 11:54:42,912 [1] INFO  Revit.TestRunner.Log -  >> Test2.Test2 - Failed - Das System kann die angegebene Datei nicht finden. (Ausnahme von HRESULT: 0x80070002)
2020-09-16 11:54:42,912 [1] INFO  Revit.TestRunner.Log - 1        Test Failed  - Revit.TestRunner.SampleTestProject.MoreTests.Test2
2020-09-16 11:54:42,918 [1] INFO  Revit.TestRunner.Log - 	Das System kann die angegebene Datei nicht finden. (Ausnahme von HRESULT: 0x80070002)
2020-09-16 11:54:42,924 [1] INFO  Revit.TestRunner.Log - 	   bei System.Reflection.RuntimeAssembly.nLoadFile(String path, Evidence evidence)
   bei System.Reflection.Assembly.LoadFile(String path)
   bei Revit.TestRunner.Runner.Direct.ReflectionRunner.<RunTest>d__0.MoveNext() in C:\Code\GitHub\geberit\Revit.TestRunner\src\Revit.TestRunner\Runner\Direct\ReflectionRunner.cs:Zeile 53.
2020-09-16 11:54:42,955 [1] ERROR Revit.TestRunner.Log - System.IO.FileNotFoundException: Das System kann die angegebene Datei nicht finden. (Ausnahme von HRESULT: 0x80070002)
   bei System.Reflection.RuntimeAssembly.nLoadFile(String path, Evidence evidence)
   bei System.Reflection.Assembly.LoadFile(String path)
   bei Revit.TestRunner.Runner.Direct.ReflectionRunner.<RunTest>d__0.MoveNext() in C:\Code\GitHub\geberit\Revit.TestRunner\src\Revit.TestRunner\Runner\Direct\ReflectionRunner.cs:Zeile 53.
2020-09-16 11:54:42,955 [1] INFO  Revit.TestRunner.Log -  >> Test4.Test4 - Failed - Das System kann die angegebene Datei nicht finden. (Ausnahme von HRESULT: 0x80070002)
2020-09-16 11:54:42,955 [1] INFO  Revit.TestRunner.Log - 2        Test Failed  - Revit.TestRunner.SampleTestProject.MoreTests.Test4
2020-09-16 11:54:42,959 [1] INFO  Revit.TestRunner.Log - 	Das System kann die angegebene Datei nicht finden. (Ausnahme von HRESULT: 0x80070002)
2020-09-16 11:54:42,967 [1] INFO  Revit.TestRunner.Log - 	   bei System.Reflection.RuntimeAssembly.nLoadFile(String path, Evidence evidence)
   bei System.Reflection.Assembly.LoadFile(String path)
   bei Revit.TestRunner.Runner.Direct.ReflectionRunner.<RunTest>d__0.MoveNext() in C:\Code\GitHub\geberit\Revit.TestRunner\src\Revit.TestRunner\Runner\Direct\ReflectionRunner.cs:Zeile 53.
2020-09-16 11:54:42,993 [1] ERROR Revit.TestRunner.Log - System.IO.FileNotFoundException: Das System kann die angegebene Datei nicht finden. (Ausnahme von HRESULT: 0x80070002)
   bei System.Reflection.RuntimeAssembly.nLoadFile(String path, Evidence evidence)
   bei System.Reflection.Assembly.LoadFile(String path)
   bei Revit.TestRunner.Runner.Direct.ReflectionRunner.<RunTest>d__0.MoveNext() in C:\Code\GitHub\geberit\Revit.TestRunner\src\Revit.TestRunner\Runner\Direct\ReflectionRunner.cs:Zeile 53.
2020-09-16 11:54:42,994 [1] INFO  Revit.TestRunner.Log -  >> Test5Fail.Test5Fail - Failed - Das System kann die angegebene Datei nicht finden. (Ausnahme von HRESULT: 0x80070002)
2020-09-16 11:54:42,994 [1] INFO  Revit.TestRunner.Log - 3        Test Failed  - Revit.TestRunner.SampleTestProject.MoreTests.Test5Fail
2020-09-16 11:54:43,001 [1] INFO  Revit.TestRunner.Log - 	Das System kann die angegebene Datei nicht finden. (Ausnahme von HRESULT: 0x80070002)
2020-09-16 11:54:43,006 [1] INFO  Revit.TestRunner.Log - 	   bei System.Reflection.RuntimeAssembly.nLoadFile(String path, Evidence evidence)
   bei System.Reflection.Assembly.LoadFile(String path)
   bei Revit.TestRunner.Runner.Direct.ReflectionRunner.<RunTest>d__0.MoveNext() in C:\Code\GitHub\geberit\Revit.TestRunner\src\Revit.TestRunner\Runner\Direct\ReflectionRunner.cs:Zeile 53.
2020-09-16 11:54:43,034 [1] ERROR Revit.TestRunner.Log - System.IO.FileNotFoundException: Das System kann die angegebene Datei nicht finden. (Ausnahme von HRESULT: 0x80070002)
   bei System.Reflection.RuntimeAssembly.nLoadFile(String path, Evidence evidence)
   bei System.Reflection.Assembly.LoadFile(String path)
   bei Revit.TestRunner.Runner.Direct.ReflectionRunner.<RunTest>d__0.MoveNext() in C:\Code\GitHub\geberit\Revit.TestRunner\src\Revit.TestRunner\Runner\Direct\ReflectionRunner.cs:Zeile 53.
2020-09-16 11:54:43,034 [1] INFO  Revit.TestRunner.Log -  >> Test3Async.Test3Async - Failed - Das System kann die angegebene Datei nicht finden. (Ausnahme von HRESULT: 0x80070002)
2020-09-16 11:54:43,034 [1] INFO  Revit.TestRunner.Log - 4        Test Failed  - Revit.TestRunner.SampleTestProject.MoreTests.Test3Async
2020-09-16 11:54:43,039 [1] INFO  Revit.TestRunner.Log - 	Das System kann die angegebene Datei nicht finden. (Ausnahme von HRESULT: 0x80070002)
2020-09-16 11:54:43,045 [1] INFO  Revit.TestRunner.Log - 	   bei System.Reflection.RuntimeAssembly.nLoadFile(String path, Evidence evidence)
   bei System.Reflection.Assembly.LoadFile(String path)
   bei Revit.TestRunner.Runner.Direct.ReflectionRunner.<RunTest>d__0.MoveNext() in C:\Code\GitHub\geberit\Revit.TestRunner\src\Revit.TestRunner\Runner\Direct\ReflectionRunner.cs:Zeile 53.
2020-09-16 11:54:43,073 [1] ERROR Revit.TestRunner.Log - System.IO.FileNotFoundException: Das System kann die angegebene Datei nicht finden. (Ausnahme von HRESULT: 0x80070002)
   bei System.Reflection.RuntimeAssembly.nLoadFile(String path, Evidence evidence)
   bei System.Reflection.Assembly.LoadFile(String path)
   bei Revit.TestRunner.Runner.Direct.ReflectionRunner.<RunTest>d__0.MoveNext() in C:\Code\GitHub\geberit\Revit.TestRunner\src\Revit.TestRunner\Runner\Direct\ReflectionRunner.cs:Zeile 53.
2020-09-16 11:54:43,073 [1] INFO  Revit.TestRunner.Log -  >> Test3AsyncFail.Test3AsyncFail - Failed - Das System kann die angegebene Datei nicht finden. (Ausnahme von HRESULT: 0x80070002)
2020-09-16 11:54:43,074 [1] INFO  Revit.TestRunner.Log - 5        Test Failed  - Revit.TestRunner.SampleTestProject.MoreTests.Test3AsyncFail
2020-09-16 11:54:43,078 [1] INFO  Revit.TestRunner.Log - 	Das System kann die angegebene Datei nicht finden. (Ausnahme von HRESULT: 0x80070002)
2020-09-16 11:54:43,085 [1] INFO  Revit.TestRunner.Log - 	   bei System.Reflection.RuntimeAssembly.nLoadFile(String path, Evidence evidence)
   bei System.Reflection.Assembly.LoadFile(String path)
   bei Revit.TestRunner.Runner.Direct.ReflectionRunner.<RunTest>d__0.MoveNext() in C:\Code\GitHub\geberit\Revit.TestRunner\src\Revit.TestRunner\Runner\Direct\ReflectionRunner.cs:Zeile 53.
2020-09-16 11:54:43,097 [1] INFO  Revit.TestRunner.Log - Test run end - duration 00:00:00.2136556
2020-09-16 11:54:43,268 [1] INFO  Revit.TestRunner.Log - Test Request '20200916-110150_3235' - ConsoleRunner (1.2.0.1)
2020-09-16 11:54:43,304 [1] ERROR Revit.TestRunner.Log - System.IO.FileNotFoundException: Das System kann die angegebene Datei nicht finden. (Ausnahme von HRESULT: 0x80070002)
   bei System.Reflection.RuntimeAssembly.nLoadFile(String path, Evidence evidence)
   bei System.Reflection.Assembly.LoadFile(String path)
   bei Revit.TestRunner.Runner.Direct.ReflectionRunner.<RunTest>d__0.MoveNext() in C:\Code\GitHub\geberit\Revit.TestRunner\src\Revit.TestRunner\Runner\Direct\ReflectionRunner.cs:Zeile 53.
2020-09-16 11:54:43,305 [1] INFO  Revit.TestRunner.Log -  >> Test2.Test2 - Failed - Das System kann die angegebene Datei nicht finden. (Ausnahme von HRESULT: 0x80070002)
2020-09-16 11:54:43,305 [1] INFO  Revit.TestRunner.Log - 1        Test Failed  - Revit.TestRunner.SampleTestProject.MoreTests.Test2
2020-09-16 11:54:43,309 [1] INFO  Revit.TestRunner.Log - 	Das System kann die angegebene Datei nicht finden. (Ausnahme von HRESULT: 0x80070002)
2020-09-16 11:54:43,315 [1] INFO  Revit.TestRunner.Log - 	   bei System.Reflection.RuntimeAssembly.nLoadFile(String path, Evidence evidence)
   bei System.Reflection.Assembly.LoadFile(String path)
   bei Revit.TestRunner.Runner.Direct.ReflectionRunner.<RunTest>d__0.MoveNext() in C:\Code\GitHub\geberit\Revit.TestRunner\src\Revit.TestRunner\Runner\Direct\ReflectionRunner.cs:Zeile 53.
2020-09-16 11:54:43,342 [1] ERROR Revit.TestRunner.Log - System.IO.FileNotFoundException: Das System kann die angegebene Datei nicht finden. (Ausnahme von HRESULT: 0x80070002)
   bei System.Reflection.RuntimeAssembly.nLoadFile(String path, Evidence evidence)
   bei System.Reflection.Assembly.LoadFile(String path)
   bei Revit.TestRunner.Runner.Direct.ReflectionRunner.<RunTest>d__0.MoveNext() in C:\Code\GitHub\geberit\Revit.TestRunner\src\Revit.TestRunner\Runner\Direct\ReflectionRunner.cs:Zeile 53.
2020-09-16 11:54:43,342 [1] INFO  Revit.TestRunner.Log -  >> Test4.Test4 - Failed - Das System kann die angegebene Datei nicht finden. (Ausnahme von HRESULT: 0x80070002)
2020-09-16 11:54:43,342 [1] INFO  Revit.TestRunner.Log - 2        Test Failed  - Revit.TestRunner.SampleTestProject.MoreTests.Test4
2020-09-16 11:54:43,349 [1] INFO  Revit.TestRunner.Log - 	Das System kann die angegebene Datei nicht finden. (Ausnahme von HRESULT: 0x80070002)
2020-09-16 11:54:43,355 [1] INFO  Revit.TestRunner.Log - 	   bei System.Reflection.RuntimeAssembly.nLoadFile(String path, Evidence evidence)
   bei System.Reflection.Assembly.LoadFile(String path)
   bei Revit.TestRunner.Runner.Direct.ReflectionRunner.<RunTest>d__0.MoveNext() in C:\Code\GitHub\geberit\Revit.TestRunner\src\Revit.TestRunner\Runner\Direct\ReflectionRunner.cs:Zeile 53.
2020-09-16 11:54:43,385 [1] ERROR Revit.TestRunner.Log - System.IO.FileNotFoundException: Das System kann die angegebene Datei nicht finden. (Ausnahme von HRESULT: 0x80070002)
   bei System.Reflection.RuntimeAssembly.nLoadFile(String path, Evidence evidence)
   bei System.Reflection.Assembly.LoadFile(String path)
   bei Revit.TestRunner.Runner.Direct.ReflectionRunner.<RunTest>d__0.MoveNext() in C:\Code\GitHub\geberit\Revit.TestRunner\src\Revit.TestRunner\Runner\Direct\ReflectionRunner.cs:Zeile 53.
2020-09-16 11:54:43,386 [1] INFO  Revit.TestRunner.Log -  >> Test5Fail.Test5Fail - Failed - Das System kann die angegebene Datei nicht finden. (Ausnahme von HRESULT: 0x80070002)
2020-09-16 11:54:43,386 [1] INFO  Revit.TestRunner.Log - 3        Test Failed  - Revit.TestRunner.SampleTestProject.MoreTests.Test5Fail
2020-09-16 11:54:43,394 [1] INFO  Revit.TestRunner.Log - 	Das System kann die angegebene Datei nicht finden. (Ausnahme von HRESULT: 0x80070002)
2020-09-16 11:54:43,403 [1] INFO  Revit.TestRunner.Log - 	   bei System.Reflection.RuntimeAssembly.nLoadFile(String path, Evidence evidence)
   bei System.Reflection.Assembly.LoadFile(String path)
   bei Revit.TestRunner.Runner.Direct.ReflectionRunner.<RunTest>d__0.MoveNext() in C:\Code\GitHub\geberit\Revit.TestRunner\src\Revit.TestRunner\Runner\Direct\ReflectionRunner.cs:Zeile 53.
2020-09-16 11:54:43,432 [1] ERROR Revit.TestRunner.Log - System.IO.FileNotFoundException: Das System kann die angegebene Datei nicht finden. (Ausnahme von HRESULT: 0x80070002)
   bei System.Reflection.RuntimeAssembly.nLoadFile(String path, Evidence evidence)
   bei System.Reflection.Assembly.LoadFile(String path)
   bei Revit.TestRunner.Runner.Direct.ReflectionRunner.<RunTest>d__0.MoveNext() in C:\Code\GitHub\geberit\Revit.TestRunner\src\Revit.TestRunner\Runner\Direct\ReflectionRunner.cs:Zeile 53.
2020-09-16 11:54:43,433 [1] INFO  Revit.TestRunner.Log -  >> Test3Async.Test3Async - Failed - Das System kann die angegebene Datei nicht finden. (Ausnahme von HRESULT: 0x80070002)
2020-09-16 11:54:43,433 [1] INFO  Revit.TestRunner.Log - 4        Test Failed  - Revit.TestRunner.SampleTestProject.MoreTests.Test3Async
2020-09-16 11:54:43,438 [1] INFO  Revit.TestRunner.Log - 	Das System kann die angegebene Datei nicht finden. (Ausnahme von HRESULT: 0x80070002)
2020-09-16 11:54:43,443 [1] INFO  Revit.TestRunner.Log - 	   bei System.Reflection.RuntimeAssembly.nLoadFile(String path, Evidence evidence)
   bei System.Reflection.Assembly.LoadFile(String path)
   bei Revit.TestRunner.Runner.Direct.ReflectionRunner.<RunTest>d__0.MoveNext() in C:\Code\GitHub\geberit\Revit.TestRunner\src\Revit.TestRunner\Runner\Direct\ReflectionRunner.cs:Zeile 53.
2020-09-16 11:54:43,466 [1] ERROR Revit.TestRunner.Log - System.IO.FileNotFoundException: Das System kann die angegebene Datei nicht finden. (Ausnahme von HRESULT: 0x80070002)
   bei System.Reflection.RuntimeAssembly.nLoadFile(String path, Evidence evidence)
   bei System.Reflection.Assembly.LoadFile(String path)
   bei Revit.TestRunner.Runner.Direct.ReflectionRunner.<RunTest>d__0.MoveNext() in C:\Code\GitHub\geberit\Revit.TestRunner\src\Revit.TestRunner\Runner\Direct\ReflectionRunner.cs:Zeile 53.
2020-09-16 11:54:43,466 [1] INFO  Revit.TestRunner.Log -  >> Test3AsyncFail.Test3AsyncFail - Failed - Das System kann die angegebene Datei nicht finden. (Ausnahme von HRESULT: 0x80070002)
2020-09-16 11:54:43,466 [1] INFO  Revit.TestRunner.Log - 5        Test Failed  - Revit.TestRunner.SampleTestProject.MoreTests.Test3AsyncFail
2020-09-16 11:54:43,471 [1] INFO  Revit.TestRunner.Log - 	Das System kann die angegebene Datei nicht finden. (Ausnahme von HRESULT: 0x80070002)
2020-09-16 11:54:43,475 [1] INFO  Revit.TestRunner.Log - 	   bei System.Reflection.RuntimeAssembly.nLoadFile(String path, Evidence evidence)
   bei System.Reflection.Assembly.LoadFile(String path)
   bei Revit.TestRunner.Runner.Direct.ReflectionRunner.<RunTest>d__0.MoveNext() in C:\Code\GitHub\geberit\Revit.TestRunner\src\Revit.TestRunner\Runner\Direct\ReflectionRunner.cs:Zeile 53.
2020-09-16 11:54:43,487 [1] INFO  Revit.TestRunner.Log - Test run end - duration 00:00:00.2064457
2020-09-16 11:54:43,629 [1] INFO  Revit.TestRunner.Log - Test Request '20200916-110253_3999' - ConsoleRunner (1.2.0.1)
2020-09-16 11:54:43,664 [1] ERROR Revit.TestRunner.Log - System.IO.FileNotFoundException: Das System kann die angegebene Datei nicht finden. (Ausnahme von HRESULT: 0x80070002)
   bei System.Reflection.RuntimeAssembly.nLoadFile(String path, Evidence evidence)
   bei System.Reflection.Assembly.LoadFile(String path)
   bei Revit.TestRunner.Runner.Direct.ReflectionRunner.<RunTest>d__0.MoveNext() in C:\Code\GitHub\geberit\Revit.TestRunner\src\Revit.TestRunner\Runner\Direct\ReflectionRunner.cs:Zeile 53.
2020-09-16 11:54:43,664 [1] INFO  Revit.TestRunner.Log -  >> Test2.Test2 - Failed - Das System kann die angegebene Datei nicht finden. (Ausnahme von HRESULT: 0x80070002)
2020-09-16 11:54:43,664 [1] INFO  Revit.TestRunner.Log - 1        Test Failed  - Revit.TestRunner.SampleTestProject.MoreTests.Test2
2020-09-16 11:54:43,668 [1] INFO  Revit.TestRunner.Log - 	Das System kann die angegebene Datei nicht finden. (Ausnahme von HRESULT: 0x80070002)
2020-09-16 11:54:43,673 [1] INFO  Revit.TestRunner.Log - 	   bei System.Reflection.RuntimeAssembly.nLoadFile(String path, Evidence evidence)
   bei System.Reflection.Assembly.LoadFile(String path)
   bei Revit.TestRunner.Runner.Direct.ReflectionRunner.<RunTest>d__0.MoveNext() in C:\Code\GitHub\geberit\Revit.TestRunner\src\Revit.TestRunner\Runner\Direct\ReflectionRunner.cs:Zeile 53.
2020-09-16 11:54:43,697 [1] ERROR Revit.TestRunner.Log - System.IO.FileNotFoundException: Das System kann die angegebene Datei nicht finden. (Ausnahme von HRESULT: 0x80070002)
   bei System.Reflection.RuntimeAssembly.nLoadFile(String path, Evidence evidence)
   bei System.Reflection.Assembly.LoadFile(String path)
   bei Revit.TestRunner.Runner.Direct.ReflectionRunner.<RunTest>d__0.MoveNext() in C:\Code\GitHub\geberit\Revit.TestRunner\src\Revit.TestRunner\Runner\Direct\ReflectionRunner.cs:Zeile 53.
2020-09-16 11:54:43,697 [1] INFO  Revit.TestRunner.Log -  >> Test4.Test4 - Failed - Das System kann die angegebene Datei nicht finden. (Ausnahme von HRESULT: 0x80070002)
2020-09-16 11:54:43,697 [1] INFO  Revit.TestRunner.Log - 2        Test Failed  - Revit.TestRunner.SampleTestProject.MoreTests.Test4
2020-09-16 11:54:43,702 [1] INFO  Revit.TestRunner.Log - 	Das System kann die angegebene Datei nicht finden. (Ausnahme von HRESULT: 0x80070002)
2020-09-16 11:54:43,706 [1] INFO  Revit.TestRunner.Log - 	   bei System.Reflection.RuntimeAssembly.nLoadFile(String path, Evidence evidence)
   bei System.Reflection.Assembly.LoadFile(String path)
   bei Revit.TestRunner.Runner.Direct.ReflectionRunner.<RunTest>d__0.MoveNext() in C:\Code\GitHub\geberit\Revit.TestRunner\src\Revit.TestRunner\Runner\Direct\ReflectionRunner.cs:Zeile 53.
2020-09-16 11:54:43,733 [1] ERROR Revit.TestRunner.Log - System.IO.FileNotFoundException: Das System kann die angegebene Datei nicht finden. (Ausnahme von HRESULT: 0x80070002)
   bei System.Reflection.RuntimeAssembly.nLoadFile(String path, Evidence evidence)
   bei System.Reflection.Assembly.LoadFile(String path)
   bei Revit.TestRunner.Runner.Direct.ReflectionRunner.<RunTest>d__0.MoveNext() in C:\Code\GitHub\geberit\Revit.TestRunner\src\Revit.TestRunner\Runner\Direct\ReflectionRunner.cs:Zeile 53.
2020-09-16 11:54:43,734 [1] INFO  Revit.TestRunner.Log -  >> Test5Fail.Test5Fail - Failed - Das System kann die angegebene Datei nicht finden. (Ausnahme von HRESULT: 0x80070002)
2020-09-16 11:54:43,734 [1] INFO  Revit.TestRunner.Log - 3        Test Failed  - Revit.TestRunner.SampleTestProject.MoreTests.Test5Fail
2020-09-16 11:54:43,739 [1] INFO  Revit.TestRunner.Log - 	Das System kann die angegebene Datei nicht finden. (Ausnahme von HRESULT: 0x80070002)
2020-09-16 11:54:43,743 [1] INFO  Revit.TestRunner.Log - 	   bei System.Reflection.RuntimeAssembly.nLoadFile(String path, Evidence evidence)
   bei System.Reflection.Assembly.LoadFile(String path)
   bei Revit.TestRunner.Runner.Direct.ReflectionRunner.<RunTest>d__0.MoveNext() in C:\Code\GitHub\geberit\Revit.TestRunner\src\Revit.TestRunner\Runner\Direct\ReflectionRunner.cs:Zeile 53.
2020-09-16 11:54:43,768 [1] ERROR Revit.TestRunner.Log - System.IO.FileNotFoundException: Das System kann die angegebene Datei nicht finden. (Ausnahme von HRESULT: 0x80070002)
   bei System.Reflection.RuntimeAssembly.nLoadFile(String path, Evidence evidence)
   bei System.Reflection.Assembly.LoadFile(String path)
   bei Revit.TestRunner.Runner.Direct.ReflectionRunner.<RunTest>d__0.MoveNext() in C:\Code\GitHub\geberit\Revit.TestRunner\src\Revit.TestRunner\Runner\Direct\ReflectionRunner.cs:Zeile 53.
2020-09-16 11:54:43,768 [1] INFO  Revit.TestRunner.Log -  >> Test3Async.Test3Async - Failed - Das System kann die angegebene Datei nicht finden. (Ausnahme von HRESULT: 0x80070002)
2020-09-16 11:54:43,768 [1] INFO  Revit.TestRunner.Log - 4        Test Failed  - Revit.TestRunner.SampleTestProject.MoreTests.Test3Async
2020-09-16 11:54:43,773 [1] INFO  Revit.TestRunner.Log - 	Das System kann die angegebene Datei nicht finden. (Ausnahme von HRESULT: 0x80070002)
2020-09-16 11:54:43,778 [1] INFO  Revit.TestRunner.Log - 	   bei System.Reflection.RuntimeAssembly.nLoadFile(String path, Evidence evidence)
   bei System.Reflection.Assembly.LoadFile(String path)
   bei Revit.TestRunner.Runner.Direct.ReflectionRunner.<RunTest>d__0.MoveNext() in C:\Code\GitHub\geberit\Revit.TestRunner\src\Revit.TestRunner\Runner\Direct\ReflectionRunner.cs:Zeile 53.
2020-09-16 11:54:43,804 [1] ERROR Revit.TestRunner.Log - System.IO.FileNotFoundException: Das System kann die angegebene Datei nicht finden. (Ausnahme von HRESULT: 0x80070002)
   bei System.Reflection.RuntimeAssembly.nLoadFile(String path, Evidence evidence)
   bei System.Reflection.Assembly.LoadFile(String path)
   bei Revit.TestRunner.Runner.Direct.ReflectionRunner.<RunTest>d__0.MoveNext() in C:\Code\GitHub\geberit\Revit.TestRunner\src\Revit.TestRunner\Runner\Direct\ReflectionRunner.cs:Zeile 53.
2020-09-16 11:54:43,804 [1] INFO  Revit.TestRunner.Log -  >> Test3AsyncFail.Test3AsyncFail - Failed - Das System kann die angegebene Datei nicht finden. (Ausnahme von HRESULT: 0x80070002)
2020-09-16 11:54:43,804 [1] INFO  Revit.TestRunner.Log - 5        Test Failed  - Revit.TestRunner.SampleTestProject.MoreTests.Test3AsyncFail
2020-09-16 11:54:43,810 [1] INFO  Revit.TestRunner.Log - 	Das System kann die angegebene Datei nicht finden. (Ausnahme von HRESULT: 0x80070002)
2020-09-16 11:54:43,815 [1] INFO  Revit.TestRunner.Log - 	   bei System.Reflection.RuntimeAssembly.nLoadFile(String path, Evidence evidence)
   bei System.Reflection.Assembly.LoadFile(String path)
   bei Revit.TestRunner.Runner.Direct.ReflectionRunner.<RunTest>d__0.MoveNext() in C:\Code\GitHub\geberit\Revit.TestRunner\src\Revit.TestRunner\Runner\Direct\ReflectionRunner.cs:Zeile 53.
2020-09-16 11:54:43,827 [1] INFO  Revit.TestRunner.Log - Test run end - duration 00:00:00.1865018
2020-09-16 14:43:39,782 [1] INFO  Revit.TestRunner.Log - Revit.TestRunner started '16.09.2020 14:43:39'
2020-09-16 14:43:39,782 [1] INFO  Revit.TestRunner.Log - Microsoft Windows NT 10.0.18363.0, NetFX 4.0.30319.42000
2020-09-16 14:43:39,783 [1] DEBUG Revit.TestRunner.Log - Log Directory 'C:\Code\GitHub\geberit\Revit.TestRunner\src\bin\Addin'
2020-09-16 14:43:39,783 [1] DEBUG Revit.TestRunner.Log - CurrentAppDomain.ApplicationBase 'C:\Program Files\Autodesk\Revit 2020\'
2020-09-16 14:43:39,788 [1] INFO  Revit.TestRunner.Log - Service started '16.09.2020 14:43:39'
2020-09-16 14:44:01,595 [1] INFO  Revit.TestRunner.Log - Service stopped '16.09.2020 14:44:01'
2020-09-16 14:44:33,801 [1] INFO  Revit.TestRunner.Log - Revit.TestRunner started '16.09.2020 14:44:33'
2020-09-16 14:44:33,801 [1] INFO  Revit.TestRunner.Log - Microsoft Windows NT 10.0.18363.0, NetFX 4.0.30319.42000
2020-09-16 14:44:33,802 [1] DEBUG Revit.TestRunner.Log - Log Directory 'C:\Code\GitHub\geberit\Revit.TestRunner\src\bin\Addin'
2020-09-16 14:44:33,802 [1] DEBUG Revit.TestRunner.Log - CurrentAppDomain.ApplicationBase 'C:\Program Files\Autodesk\Revit 2020\'
2020-09-16 14:44:33,808 [1] INFO  Revit.TestRunner.Log - Service started '16.09.2020 14:44:33'
2020-09-16 14:46:16,517 [1] INFO  Revit.TestRunner.Log - Revit.TestRunner started '16.09.2020 14:46:16'
2020-09-16 14:46:16,518 [1] INFO  Revit.TestRunner.Log - Microsoft Windows NT 10.0.18363.0, NetFX 4.0.30319.42000
2020-09-16 14:46:16,518 [1] DEBUG Revit.TestRunner.Log - Log Directory 'C:\Code\GitHub\geberit\Revit.TestRunner\src\bin\Addin'
2020-09-16 14:46:16,518 [1] DEBUG Revit.TestRunner.Log - CurrentAppDomain.ApplicationBase 'C:\Program Files\Autodesk\Revit 2020\'
2020-09-16 14:46:16,526 [1] INFO  Revit.TestRunner.Log - Service started '16.09.2020 14:46:16'
2020-09-16 14:50:23,311 [1] INFO  Revit.TestRunner.Log - Revit.TestRunner started '16.09.2020 14:50:23'
2020-09-16 14:50:23,312 [1] INFO  Revit.TestRunner.Log - Microsoft Windows NT 10.0.18363.0, NetFX 4.0.30319.42000
2020-09-16 14:50:23,312 [1] DEBUG Revit.TestRunner.Log - Log Directory 'C:\Code\GitHub\geberit\Revit.TestRunner\src\bin\Addin'
2020-09-16 14:50:23,312 [1] DEBUG Revit.TestRunner.Log - CurrentAppDomain.ApplicationBase 'C:\Program Files\Autodesk\Revit 2020\'
2020-09-16 14:50:23,350 [1] INFO  Revit.TestRunner.Log - Service started '16.09.2020 14:50:23'
2020-09-16 14:52:11,732 [1] INFO  Revit.TestRunner.Log - Revit.TestRunner started '16.09.2020 14:52:11'
2020-09-16 14:52:11,732 [1] INFO  Revit.TestRunner.Log - Microsoft Windows NT 10.0.18363.0, NetFX 4.0.30319.42000
2020-09-16 14:52:11,732 [1] DEBUG Revit.TestRunner.Log - Log Directory 'C:\Code\GitHub\geberit\Revit.TestRunner\src\bin\Addin'
2020-09-16 14:52:11,732 [1] DEBUG Revit.TestRunner.Log - CurrentAppDomain.ApplicationBase 'C:\Program Files\Autodesk\Revit 2020\'
2020-09-16 14:52:11,740 [1] INFO  Revit.TestRunner.Log - Service started '16.09.2020 14:52:11'
2020-09-16 14:54:03,007 [1] INFO  Revit.TestRunner.Log - Service stopped '16.09.2020 14:54:03'
2020-09-16 14:55:16,549 [1] INFO  Revit.TestRunner.Log - Revit.TestRunner started '16.09.2020 14:55:16'
2020-09-16 14:55:16,549 [1] INFO  Revit.TestRunner.Log - Microsoft Windows NT 10.0.18363.0, NetFX 4.0.30319.42000
2020-09-16 14:55:16,549 [1] DEBUG Revit.TestRunner.Log - Log Directory 'C:\Code\GitHub\geberit\Revit.TestRunner\src\bin\Addin'
2020-09-16 14:55:16,549 [1] DEBUG Revit.TestRunner.Log - CurrentAppDomain.ApplicationBase 'C:\Program Files\Autodesk\Revit 2020\'
2020-09-16 14:55:16,576 [1] INFO  Revit.TestRunner.Log - Service started '16.09.2020 14:55:16'
2020-09-16 15:37:10,893 [1] INFO  Revit.TestRunner.Log - Test Request '20200916-153710_2515' - ConsoleRunner (1.2.0.1)
2020-09-16 15:37:20,694 [1] ERROR Revit.TestRunner.Log - Geberit.Shared.GuardException: #### Test failed #### (16.09.2020 15:37:20)

Failure in 'Austria_1.4.1004_Test mit Putzstück':
System.MissingMethodException: Methode nicht gefunden: "Void Autodesk.Revit.DB.Document.EraseSchemaAndAllEntities(Autodesk.Revit.DB.ExtensibleStorage.Schema)".
   bei Geberit.Revit.PlugIn.Native.Base.Data.Storage.LegacySchemaMigration.EraseSchema(Schema aSchema)
   bei Geberit.Revit.PlugIn.Native.Base.Data.Storage.LegacySchemaMigration.<Migrate>b__13_2() in C:\Code\Git\Revit_CalculationPlugin\Geberit.Revit.PlugIn.Native.Base\Data\Storage\LegacySchemaMigrater.cs:Zeile 136.
   bei Geberit.Revit.PlugIn.Native.Base.Services.Transaction.RunAs(Document aDocument, String aName, IFailuresPreprocessor aFailuresPreprocessor, Action aAction) in C:\Code\Git\Revit_CalculationPlugin\Geberit.Revit.PlugIn.Native.Base\Services\Transaction.cs:Zeile 93.
   bei Geberit.Revit.PlugIn.Native.Base.Services.Transaction.RunAs(Document aDocument, String aName, Action aAction) in C:\Code\Git\Revit_CalculationPlugin\Geberit.Revit.PlugIn.Native.Base\Services\Transaction.cs:Zeile 62.
   bei Geberit.Revit.PlugIn.Native.Base.Data.Storage.LegacySchemaMigration.Migrate() in C:\Code\Git\Revit_CalculationPlugin\Geberit.Revit.PlugIn.Native.Base\Data\Storage\LegacySchemaMigrater.cs:Zeile 136.
   bei Geberit.Revit.PlugIn.Native.Base.Environment.RevitDocumentManager.MigrateSchema(Document aDocument) in C:\Code\Git\Revit_CalculationPlugin\Geberit.Revit.PlugIn.Native.Base\Environment\RevitDocumentManager.cs:Zeile 124.
   bei Geberit.Revit.PlugIn.Base.Environment.DocumentManager`1.MigrateSchema(Object aDocumentO


Failure in 'Netherlands_1.5.9_PluviaKomplettanlage':
System.MissingMethodException: Methode nicht gefunden: "Void Autodesk.Revit.DB.Document.EraseSchemaAndAllEntities(Autodesk.Revit.DB.ExtensibleStorage.Schema)".
   bei Geberit.Revit.PlugIn.Native.Base.Data.Storage.LegacySchemaMigration.EraseSchema(Schema aSchema)
   bei Geberit.Revit.PlugIn.Native.Base.Data.Storage.LegacySchemaMigration.<Migrate>b__13_2() in C:\Code\Git\Revit_CalculationPlugin\Geberit.Revit.PlugIn.Native.Base\Data\Storage\LegacySchemaMigrater.cs:Zeile 136.
   bei Geberit.Revit.PlugIn.Native.Base.Services.Transaction.RunAs(Document aDocument, String aName, IFailuresPreprocessor aFailuresPreprocessor, Action aAction) in C:\Code\Git\Revit_CalculationPlugin\Geberit.Revit.PlugIn.Native.Base\Services\Transaction.cs:Zeile 93.
   bei Geberit.Revit.PlugIn.Native.Base.Services.Transaction.RunAs(Document aDocument, String aName, Action aAction) in C:\Code\Git\Revit_CalculationPlugin\Geberit.Revit.PlugIn.Native.Base\Services\Transaction.cs:Zeile 62.
   bei Geberit.Revit.PlugIn.Native.Base.Data.Storage.LegacySchemaMigration.Migrate() in C:\Code\Git\Revit_CalculationPlugin\Geberit.Revit.PlugIn.Native.Base\Data\Storage\LegacySchemaMigrater.cs:Zeile 136.
   bei Geberit.Revit.PlugIn.Native.Base.Environment.RevitDocumentManager.MigrateSchema(Document aDocument) in C:\Code\Git\Revit_CalculationPlugin\Geberit.Revit.PlugIn.Native.Base\Environment\RevitDocumentManager.cs:Zeile 124.
   bei Geberit.Revit.PlugIn.Base.Environment.DocumentManager`1.MigrateSchema(Object aDocumentO


Failure in 'Switzerland_2.0.327_InstallationWall':
System.MissingMethodException: Methode nicht gefunden: "Void Autodesk.Revit.DB.Document.EraseSchemaAndAllEntities(Autodesk.Revit.DB.ExtensibleStorage.Schema)".
   bei Geberit.Revit.PlugIn.Native.Base.Data.Storage.LegacySchemaMigration.EraseSchema(Schema aSchema)
   bei Geberit.Revit.PlugIn.Native.Base.Data.Storage.LegacySchemaMigration.<>c__DisplayClass14_0.<EraseTestSchemas>b__3() in C:\Code\Git\Revit_CalculationPlugin\Geberit.Revit.PlugIn.Native.Base\Data\Storage\LegacySchemaMigrater.cs:Zeile 156.
   bei Geberit.Revit.PlugIn.Native.Base.Services.Transaction.RunAs(Document aDocument, String aName, IFailuresPreprocessor aFailuresPreprocessor, Action aAction) in C:\Code\Git\Revit_CalculationPlugin\Geberit.Revit.PlugIn.Native.Base\Services\Transaction.cs:Zeile 93.
   bei Geberit.Revit.PlugIn.Native.Base.Services.Transaction.RunAs(Document aDocument, String aName, Action aAction) in C:\Code\Git\Revit_CalculationPlugin\Geberit.Revit.PlugIn.Native.Base\Services\Transaction.cs:Zeile 62.
   bei Geberit.Revit.PlugIn.Native.Base.Data.Storage.LegacySchemaMigration.EraseTestSchemas() in C:\Code\Git\Revit_CalculationPlugin\Geberit.Revit.PlugIn.Native.Base\Data\Storage\LegacySchemaMigrater.cs:Zeile 153.
   bei Geberit.Revit.PlugIn.Native.Base.Environment.RevitDocumentManager.MigrateSchema(Document aDocument) in C:\Code\Git\Revit_CalculationPlugin\Geberit.Revit.PlugIn.Native.Base\Environment\RevitDocumentManager.cs:Zeile 126.
   bei Geberit.Revit.PlugIn.Base.Environment.DocumentMana



   bei Geberit.Shared.Guard.Failed(String aMessage, Object[] aMessageArgs) in C:\Dev\Tfs\ProPlanner\Trunk\Geberit.Shared\Invariant\Guard.cs:Zeile 834.
   bei Geberit.Revit.PlugIn.Tests._Harness.AssertService.AssertFailed() in C:\Code\Git\Revit_CalculationPlugin\Geberit.Revit.PlugIn.Tests\_Harness\AssertService.cs:Zeile 336.
   bei Geberit.Revit.PlugIn.Tests._Harness.AssertService.Assert() in C:\Code\Git\Revit_CalculationPlugin\Geberit.Revit.PlugIn.Tests\_Harness\AssertService.cs:Zeile 84.
   bei Geberit.Revit.PlugIn.Tests.Native._Harness.RevitBlackBoxRunner.RunWithoutOpen(Action`1 aTestMethod) in C:\Code\Git\Revit_CalculationPlugin\Geberit.Revit.PlugIn.Tests.Native\_Harness\RevitBlackBoxRunner.cs:Zeile 193.
   bei Geberit.Revit.PlugIn.Tests.Native.Tests.Base.LoadSaveTest.LoadSaveDocument() in C:\Code\Git\Revit_CalculationPlugin\Geberit.Revit.PlugIn.Tests.Native\Tests\Base\LoadSaveTest.cs:Zeile 22.
2020-09-16 15:37:20,706 [1] INFO  Revit.TestRunner.Log -  >> LoadSaveDocument.LoadSaveDocument - Failed - #### Test failed #### (16.09.2020 15:37:20)

Failure in 'Austria_1.4.1004_Test mit Putzstück':
System.MissingMethodException: Methode nicht gefunden: "Void Autodesk.Revit.DB.Document.EraseSchemaAndAllEntities(Autodesk.Revit.DB.ExtensibleStorage.Schema)".
   bei Geberit.Revit.PlugIn.Native.Base.Data.Storage.LegacySchemaMigration.EraseSchema(Schema aSchema)
   bei Geberit.Revit.PlugIn.Native.Base.Data.Storage.LegacySchemaMigration.<Migrate>b__13_2() in C:\Code\Git\Revit_CalculationPlugin\Geberit.Revit.PlugIn.Native.Base\Data\Storage\LegacySchemaMigrater.cs:Zeile 136.
   bei Geberit.Revit.PlugIn.Native.Base.Services.Transaction.RunAs(Document aDocument, String aName, IFailuresPreprocessor aFailuresPreprocessor, Action aAction) in C:\Code\Git\Revit_CalculationPlugin\Geberit.Revit.PlugIn.Native.Base\Services\Transaction.cs:Zeile 93.
   bei Geberit.Revit.PlugIn.Native.Base.Services.Transaction.RunAs(Document aDocument, String aName, Action aAction) in C:\Code\Git\Revit_CalculationPlugin\Geberit.Revit.PlugIn.Native.Base\Services\Transaction.cs:Zeile 62.
   bei Geberit.Revit.PlugIn.Native.Base.Data.Storage.LegacySchemaMigration.Migrate() in C:\Code\Git\Revit_CalculationPlugin\Geberit.Revit.PlugIn.Native.Base\Data\Storage\LegacySchemaMigrater.cs:Zeile 136.
   bei Geberit.Revit.PlugIn.Native.Base.Environment.RevitDocumentManager.MigrateSchema(Document aDocument) in C:\Code\Git\Revit_CalculationPlugin\Geberit.Revit.PlugIn.Native.Base\Environment\RevitDocumentManager.cs:Zeile 124.
   bei Geberit.Revit.PlugIn.Base.Environment.DocumentManager`1.MigrateSchema(Object aDocumentO


Failure in 'Netherlands_1.5.9_PluviaKomplettanlage':
System.MissingMethodException: Methode nicht gefunden: "Void Autodesk.Revit.DB.Document.EraseSchemaAndAllEntities(Autodesk.Revit.DB.ExtensibleStorage.Schema)".
   bei Geberit.Revit.PlugIn.Native.Base.Data.Storage.LegacySchemaMigration.EraseSchema(Schema aSchema)
   bei Geberit.Revit.PlugIn.Native.Base.Data.Storage.LegacySchemaMigration.<Migrate>b__13_2() in C:\Code\Git\Revit_CalculationPlugin\Geberit.Revit.PlugIn.Native.Base\Data\Storage\LegacySchemaMigrater.cs:Zeile 136.
   bei Geberit.Revit.PlugIn.Native.Base.Services.Transaction.RunAs(Document aDocument, String aName, IFailuresPreprocessor aFailuresPreprocessor, Action aAction) in C:\Code\Git\Revit_CalculationPlugin\Geberit.Revit.PlugIn.Native.Base\Services\Transaction.cs:Zeile 93.
   bei Geberit.Revit.PlugIn.Native.Base.Services.Transaction.RunAs(Document aDocument, String aName, Action aAction) in C:\Code\Git\Revit_CalculationPlugin\Geberit.Revit.PlugIn.Native.Base\Services\Transaction.cs:Zeile 62.
   bei Geberit.Revit.PlugIn.Native.Base.Data.Storage.LegacySchemaMigration.Migrate() in C:\Code\Git\Revit_CalculationPlugin\Geberit.Revit.PlugIn.Native.Base\Data\Storage\LegacySchemaMigrater.cs:Zeile 136.
   bei Geberit.Revit.PlugIn.Native.Base.Environment.RevitDocumentManager.MigrateSchema(Document aDocument) in C:\Code\Git\Revit_CalculationPlugin\Geberit.Revit.PlugIn.Native.Base\Environment\RevitDocumentManager.cs:Zeile 124.
   bei Geberit.Revit.PlugIn.Base.Environment.DocumentManager`1.MigrateSchema(Object aDocumentO


Failure in 'Switzerland_2.0.327_InstallationWall':
System.MissingMethodException: Methode nicht gefunden: "Void Autodesk.Revit.DB.Document.EraseSchemaAndAllEntities(Autodesk.Revit.DB.ExtensibleStorage.Schema)".
   bei Geberit.Revit.PlugIn.Native.Base.Data.Storage.LegacySchemaMigration.EraseSchema(Schema aSchema)
   bei Geberit.Revit.PlugIn.Native.Base.Data.Storage.LegacySchemaMigration.<>c__DisplayClass14_0.<EraseTestSchemas>b__3() in C:\Code\Git\Revit_CalculationPlugin\Geberit.Revit.PlugIn.Native.Base\Data\Storage\LegacySchemaMigrater.cs:Zeile 156.
   bei Geberit.Revit.PlugIn.Native.Base.Services.Transaction.RunAs(Document aDocument, String aName, IFailuresPreprocessor aFailuresPreprocessor, Action aAction) in C:\Code\Git\Revit_CalculationPlugin\Geberit.Revit.PlugIn.Native.Base\Services\Transaction.cs:Zeile 93.
   bei Geberit.Revit.PlugIn.Native.Base.Services.Transaction.RunAs(Document aDocument, String aName, Action aAction) in C:\Code\Git\Revit_CalculationPlugin\Geberit.Revit.PlugIn.Native.Base\Services\Transaction.cs:Zeile 62.
   bei Geberit.Revit.PlugIn.Native.Base.Data.Storage.LegacySchemaMigration.EraseTestSchemas() in C:\Code\Git\Revit_CalculationPlugin\Geberit.Revit.PlugIn.Native.Base\Data\Storage\LegacySchemaMigrater.cs:Zeile 153.
   bei Geberit.Revit.PlugIn.Native.Base.Environment.RevitDocumentManager.MigrateSchema(Document aDocument) in C:\Code\Git\Revit_CalculationPlugin\Geberit.Revit.PlugIn.Native.Base\Environment\RevitDocumentManager.cs:Zeile 126.
   bei Geberit.Revit.PlugIn.Base.Environment.DocumentMana



2020-09-16 15:37:20,706 [1] INFO  Revit.TestRunner.Log - 0-1035   Test Failed  - Geberit.Revit.PlugIn.Tests.Native.Tests.Base.LoadSaveTest.LoadSaveDocument
2020-09-16 15:37:20,710 [1] INFO  Revit.TestRunner.Log - 	#### Test failed #### (16.09.2020 15:37:20)

Failure in 'Austria_1.4.1004_Test mit Putzstück':
System.MissingMethodException: Methode nicht gefunden: "Void Autodesk.Revit.DB.Document.EraseSchemaAndAllEntities(Autodesk.Revit.DB.ExtensibleStorage.Schema)".
   bei Geberit.Revit.PlugIn.Native.Base.Data.Storage.LegacySchemaMigration.EraseSchema(Schema aSchema)
   bei Geberit.Revit.PlugIn.Native.Base.Data.Storage.LegacySchemaMigration.<Migrate>b__13_2() in C:\Code\Git\Revit_CalculationPlugin\Geberit.Revit.PlugIn.Native.Base\Data\Storage\LegacySchemaMigrater.cs:Zeile 136.
   bei Geberit.Revit.PlugIn.Native.Base.Services.Transaction.RunAs(Document aDocument, String aName, IFailuresPreprocessor aFailuresPreprocessor, Action aAction) in C:\Code\Git\Revit_CalculationPlugin\Geberit.Revit.PlugIn.Native.Base\Services\Transaction.cs:Zeile 93.
   bei Geberit.Revit.PlugIn.Native.Base.Services.Transaction.RunAs(Document aDocument, String aName, Action aAction) in C:\Code\Git\Revit_CalculationPlugin\Geberit.Revit.PlugIn.Native.Base\Services\Transaction.cs:Zeile 62.
   bei Geberit.Revit.PlugIn.Native.Base.Data.Storage.LegacySchemaMigration.Migrate() in C:\Code\Git\Revit_CalculationPlugin\Geberit.Revit.PlugIn.Native.Base\Data\Storage\LegacySchemaMigrater.cs:Zeile 136.
   bei Geberit.Revit.PlugIn.Native.Base.Environment.RevitDocumentManager.MigrateSchema(Document aDocument) in C:\Code\Git\Revit_CalculationPlugin\Geberit.Revit.PlugIn.Native.Base\Environment\RevitDocumentManager.cs:Zeile 124.
   bei Geberit.Revit.PlugIn.Base.Environment.DocumentManager`1.MigrateSchema(Object aDocumentO


Failure in 'Netherlands_1.5.9_PluviaKomplettanlage':
System.MissingMethodException: Methode nicht gefunden: "Void Autodesk.Revit.DB.Document.EraseSchemaAndAllEntities(Autodesk.Revit.DB.ExtensibleStorage.Schema)".
   bei Geberit.Revit.PlugIn.Native.Base.Data.Storage.LegacySchemaMigration.EraseSchema(Schema aSchema)
   bei Geberit.Revit.PlugIn.Native.Base.Data.Storage.LegacySchemaMigration.<Migrate>b__13_2() in C:\Code\Git\Revit_CalculationPlugin\Geberit.Revit.PlugIn.Native.Base\Data\Storage\LegacySchemaMigrater.cs:Zeile 136.
   bei Geberit.Revit.PlugIn.Native.Base.Services.Transaction.RunAs(Document aDocument, String aName, IFailuresPreprocessor aFailuresPreprocessor, Action aAction) in C:\Code\Git\Revit_CalculationPlugin\Geberit.Revit.PlugIn.Native.Base\Services\Transaction.cs:Zeile 93.
   bei Geberit.Revit.PlugIn.Native.Base.Services.Transaction.RunAs(Document aDocument, String aName, Action aAction) in C:\Code\Git\Revit_CalculationPlugin\Geberit.Revit.PlugIn.Native.Base\Services\Transaction.cs:Zeile 62.
   bei Geberit.Revit.PlugIn.Native.Base.Data.Storage.LegacySchemaMigration.Migrate() in C:\Code\Git\Revit_CalculationPlugin\Geberit.Revit.PlugIn.Native.Base\Data\Storage\LegacySchemaMigrater.cs:Zeile 136.
   bei Geberit.Revit.PlugIn.Native.Base.Environment.RevitDocumentManager.MigrateSchema(Document aDocument) in C:\Code\Git\Revit_CalculationPlugin\Geberit.Revit.PlugIn.Native.Base\Environment\RevitDocumentManager.cs:Zeile 124.
   bei Geberit.Revit.PlugIn.Base.Environment.DocumentManager`1.MigrateSchema(Object aDocumentO


Failure in 'Switzerland_2.0.327_InstallationWall':
System.MissingMethodException: Methode nicht gefunden: "Void Autodesk.Revit.DB.Document.EraseSchemaAndAllEntities(Autodesk.Revit.DB.ExtensibleStorage.Schema)".
   bei Geberit.Revit.PlugIn.Native.Base.Data.Storage.LegacySchemaMigration.EraseSchema(Schema aSchema)
   bei Geberit.Revit.PlugIn.Native.Base.Data.Storage.LegacySchemaMigration.<>c__DisplayClass14_0.<EraseTestSchemas>b__3() in C:\Code\Git\Revit_CalculationPlugin\Geberit.Revit.PlugIn.Native.Base\Data\Storage\LegacySchemaMigrater.cs:Zeile 156.
   bei Geberit.Revit.PlugIn.Native.Base.Services.Transaction.RunAs(Document aDocument, String aName, IFailuresPreprocessor aFailuresPreprocessor, Action aAction) in C:\Code\Git\Revit_CalculationPlugin\Geberit.Revit.PlugIn.Native.Base\Services\Transaction.cs:Zeile 93.
   bei Geberit.Revit.PlugIn.Native.Base.Services.Transaction.RunAs(Document aDocument, String aName, Action aAction) in C:\Code\Git\Revit_CalculationPlugin\Geberit.Revit.PlugIn.Native.Base\Services\Transaction.cs:Zeile 62.
   bei Geberit.Revit.PlugIn.Native.Base.Data.Storage.LegacySchemaMigration.EraseTestSchemas() in C:\Code\Git\Revit_CalculationPlugin\Geberit.Revit.PlugIn.Native.Base\Data\Storage\LegacySchemaMigrater.cs:Zeile 153.
   bei Geberit.Revit.PlugIn.Native.Base.Environment.RevitDocumentManager.MigrateSchema(Document aDocument) in C:\Code\Git\Revit_CalculationPlugin\Geberit.Revit.PlugIn.Native.Base\Environment\RevitDocumentManager.cs:Zeile 126.
   bei Geberit.Revit.PlugIn.Base.Environment.DocumentMana



2020-09-16 15:37:20,715 [1] INFO  Revit.TestRunner.Log - 	   bei Geberit.Shared.Guard.Failed(String aMessage, Object[] aMessageArgs) in C:\Dev\Tfs\ProPlanner\Trunk\Geberit.Shared\Invariant\Guard.cs:Zeile 834.
   bei Geberit.Revit.PlugIn.Tests._Harness.AssertService.AssertFailed() in C:\Code\Git\Revit_CalculationPlugin\Geberit.Revit.PlugIn.Tests\_Harness\AssertService.cs:Zeile 336.
   bei Geberit.Revit.PlugIn.Tests._Harness.AssertService.Assert() in C:\Code\Git\Revit_CalculationPlugin\Geberit.Revit.PlugIn.Tests\_Harness\AssertService.cs:Zeile 84.
   bei Geberit.Revit.PlugIn.Tests.Native._Harness.RevitBlackBoxRunner.RunWithoutOpen(Action`1 aTestMethod) in C:\Code\Git\Revit_CalculationPlugin\Geberit.Revit.PlugIn.Tests.Native\_Harness\RevitBlackBoxRunner.cs:Zeile 193.
   bei Geberit.Revit.PlugIn.Tests.Native.Tests.Base.LoadSaveTest.LoadSaveDocument() in C:\Code\Git\Revit_CalculationPlugin\Geberit.Revit.PlugIn.Tests.Native\Tests\Base\LoadSaveTest.cs:Zeile 22.
2020-09-16 15:37:20,732 [1] ERROR Revit.TestRunner.Log - System.MissingMethodException: Methode nicht gefunden: "Void Autodesk.Revit.DB.Document.EraseSchemaAndAllEntities(Autodesk.Revit.DB.ExtensibleStorage.Schema)".
   bei Geberit.Revit.PlugIn.Native.Base.Data.Storage.LegacySchemaMigration.EraseSchema(Schema aSchema)
   bei Geberit.Revit.PlugIn.Native.Base.Data.Storage.LegacySchemaMigration.<>c__DisplayClass14_0.<EraseTestSchemas>b__3() in C:\Code\Git\Revit_CalculationPlugin\Geberit.Revit.PlugIn.Native.Base\Data\Storage\LegacySchemaMigrater.cs:Zeile 156.
   bei Geberit.Revit.PlugIn.Native.Base.Services.Transaction.RunAs(Document aDocument, String aName, IFailuresPreprocessor aFailuresPreprocessor, Action aAction) in C:\Code\Git\Revit_CalculationPlugin\Geberit.Revit.PlugIn.Native.Base\Services\Transaction.cs:Zeile 93.
   bei Geberit.Revit.PlugIn.Native.Base.Services.Transaction.RunAs(Document aDocument, String aName, Action aAction) in C:\Code\Git\Revit_CalculationPlugin\Geberit.Revit.PlugIn.Native.Base\Services\Transaction.cs:Zeile 62.
   bei Geberit.Revit.PlugIn.Native.Base.Data.Storage.LegacySchemaMigration.EraseTestSchemas() in C:\Code\Git\Revit_CalculationPlugin\Geberit.Revit.PlugIn.Native.Base\Data\Storage\LegacySchemaMigrater.cs:Zeile 153.
   bei Geberit.Revit.PlugIn.Native.Base.Environment.RevitDocumentManager.MigrateSchema(Document aDocument) in C:\Code\Git\Revit_CalculationPlugin\Geberit.Revit.PlugIn.Native.Base\Environment\RevitDocumentManager.cs:Zeile 126.
   bei Geberit.Revit.PlugIn.Base.Environment.DocumentManager`1.MigrateSchema(Object aDocumentObject) in C:\Code\Git\Revit_CalculationPlugin\Geberit.Revit.PlugIn.Base\Environment\DocumentManager.cs:Zeile 367.
   bei Geberit.Revit.PlugIn.Base.Environment.DocumentManager.CreateDocument(Object aDocumentObject) in C:\Code\Git\Revit_CalculationPlugin\Geberit.Revit.PlugIn.Base\Environment\DocumentManager.cs:Zeile 73.
   bei Geberit.Revit.PlugIn.Base.Environment.DocumentManager`1.CreateDocument(TDocument aDocument) in C:\Code\Git\Revit_CalculationPlugin\Geberit.Revit.PlugIn.Base\Environment\DocumentManager.cs:Zeile 306.
   bei Geberit.Revit.PlugIn.Native.Base.Environment.RevitDocumentManager.OpenAndActivateDocumentForTest(Document aDocument) in C:\Code\Git\Revit_CalculationPlugin\Geberit.Revit.PlugIn.Native.Base\Environment\RevitDocumentManager.cs:Zeile 194.
   bei Geberit.Revit.PlugIn.Tests.Native._Harness.RevitTestController..ctor(Document aDocument, UIApplication uiApplication) in C:\Code\Git\Revit_CalculationPlugin\Geberit.Revit.PlugIn.Tests.Native\_Harness\RevitTestController.cs:Zeile 35.
   bei Geberit.Revit.PlugIn.Tests.Native._Harness.TestHelper.CreateTestController(String fileName, UIApplication uiApplication) in C:\Code\Git\Revit_CalculationPlugin\Geberit.Revit.PlugIn.Tests.Native\_Harness\TestHelper.cs:Zeile 30.
   bei Geberit.Revit.PlugIn.Tests.Native.Tests.Base.OpenCloseChangeDocumentTest.SetModelTest(UIApplication uiApplication) in C:\Code\Git\Revit_CalculationPlugin\Geberit.Revit.PlugIn.Tests.Native\Tests\Base\OpenCloseChangeDocumentTest.cs:Zeile 19.
2020-09-16 15:37:20,736 [1] INFO  Revit.TestRunner.Log -  >> SetModelTest.SetModelTest - Failed - Methode nicht gefunden: "Void Autodesk.Revit.DB.Document.EraseSchemaAndAllEntities(Autodesk.Revit.DB.ExtensibleStorage.Schema)".
2020-09-16 15:37:20,736 [1] INFO  Revit.TestRunner.Log - 0-1037   Test Failed  - Geberit.Revit.PlugIn.Tests.Native.Tests.Base.OpenCloseChangeDocumentTest.SetModelTest
2020-09-16 15:37:20,740 [1] INFO  Revit.TestRunner.Log - 	Methode nicht gefunden: "Void Autodesk.Revit.DB.Document.EraseSchemaAndAllEntities(Autodesk.Revit.DB.ExtensibleStorage.Schema)".
2020-09-16 15:37:20,747 [1] INFO  Revit.TestRunner.Log - 	   bei Geberit.Revit.PlugIn.Native.Base.Data.Storage.LegacySchemaMigration.EraseSchema(Schema aSchema)
   bei Geberit.Revit.PlugIn.Native.Base.Data.Storage.LegacySchemaMigration.<>c__DisplayClass14_0.<EraseTestSchemas>b__3() in C:\Code\Git\Revit_CalculationPlugin\Geberit.Revit.PlugIn.Native.Base\Data\Storage\LegacySchemaMigrater.cs:Zeile 156.
   bei Geberit.Revit.PlugIn.Native.Base.Services.Transaction.RunAs(Document aDocument, String aName, IFailuresPreprocessor aFailuresPreprocessor, Action aAction) in C:\Code\Git\Revit_CalculationPlugin\Geberit.Revit.PlugIn.Native.Base\Services\Transaction.cs:Zeile 93.
   bei Geberit.Revit.PlugIn.Native.Base.Services.Transaction.RunAs(Document aDocument, String aName, Action aAction) in C:\Code\Git\Revit_CalculationPlugin\Geberit.Revit.PlugIn.Native.Base\Services\Transaction.cs:Zeile 62.
   bei Geberit.Revit.PlugIn.Native.Base.Data.Storage.LegacySchemaMigration.EraseTestSchemas() in C:\Code\Git\Revit_CalculationPlugin\Geberit.Revit.PlugIn.Native.Base\Data\Storage\LegacySchemaMigrater.cs:Zeile 153.
   bei Geberit.Revit.PlugIn.Native.Base.Environment.RevitDocumentManager.MigrateSchema(Document aDocument) in C:\Code\Git\Revit_CalculationPlugin\Geberit.Revit.PlugIn.Native.Base\Environment\RevitDocumentManager.cs:Zeile 126.
   bei Geberit.Revit.PlugIn.Base.Environment.DocumentManager`1.MigrateSchema(Object aDocumentObject) in C:\Code\Git\Revit_CalculationPlugin\Geberit.Revit.PlugIn.Base\Environment\DocumentManager.cs:Zeile 367.
   bei Geberit.Revit.PlugIn.Base.Environment.DocumentManager.CreateDocument(Object aDocumentObject) in C:\Code\Git\Revit_CalculationPlugin\Geberit.Revit.PlugIn.Base\Environment\DocumentManager.cs:Zeile 73.
   bei Geberit.Revit.PlugIn.Base.Environment.DocumentManager`1.CreateDocument(TDocument aDocument) in C:\Code\Git\Revit_CalculationPlugin\Geberit.Revit.PlugIn.Base\Environment\DocumentManager.cs:Zeile 306.
   bei Geberit.Revit.PlugIn.Native.Base.Environment.RevitDocumentManager.OpenAndActivateDocumentForTest(Document aDocument) in C:\Code\Git\Revit_CalculationPlugin\Geberit.Revit.PlugIn.Native.Base\Environment\RevitDocumentManager.cs:Zeile 194.
   bei Geberit.Revit.PlugIn.Tests.Native._Harness.RevitTestController..ctor(Document aDocument, UIApplication uiApplication) in C:\Code\Git\Revit_CalculationPlugin\Geberit.Revit.PlugIn.Tests.Native\_Harness\RevitTestController.cs:Zeile 35.
   bei Geberit.Revit.PlugIn.Tests.Native._Harness.TestHelper.CreateTestController(String fileName, UIApplication uiApplication) in C:\Code\Git\Revit_CalculationPlugin\Geberit.Revit.PlugIn.Tests.Native\_Harness\TestHelper.cs:Zeile 30.
   bei Geberit.Revit.PlugIn.Tests.Native.Tests.Base.OpenCloseChangeDocumentTest.SetModelTest(UIApplication uiApplication) in C:\Code\Git\Revit_CalculationPlugin\Geberit.Revit.PlugIn.Tests.Native\Tests\Base\OpenCloseChangeDocumentTest.cs:Zeile 19.
2020-09-16 15:37:20,770 [1] ERROR Revit.TestRunner.Log - System.MissingMethodException: Methode nicht gefunden: "Void Autodesk.Revit.DB.Document.EraseSchemaAndAllEntities(Autodesk.Revit.DB.ExtensibleStorage.Schema)".
   bei Geberit.Revit.PlugIn.Native.Base.Data.Storage.LegacySchemaMigration.EraseSchema(Schema aSchema)
   bei Geberit.Revit.PlugIn.Native.Base.Data.Storage.LegacySchemaMigration.<>c__DisplayClass14_0.<EraseTestSchemas>b__3() in C:\Code\Git\Revit_CalculationPlugin\Geberit.Revit.PlugIn.Native.Base\Data\Storage\LegacySchemaMigrater.cs:Zeile 156.
   bei Geberit.Revit.PlugIn.Native.Base.Services.Transaction.RunAs(Document aDocument, String aName, IFailuresPreprocessor aFailuresPreprocessor, Action aAction) in C:\Code\Git\Revit_CalculationPlugin\Geberit.Revit.PlugIn.Native.Base\Services\Transaction.cs:Zeile 93.
   bei Geberit.Revit.PlugIn.Native.Base.Services.Transaction.RunAs(Document aDocument, String aName, Action aAction) in C:\Code\Git\Revit_CalculationPlugin\Geberit.Revit.PlugIn.Native.Base\Services\Transaction.cs:Zeile 62.
   bei Geberit.Revit.PlugIn.Native.Base.Data.Storage.LegacySchemaMigration.EraseTestSchemas() in C:\Code\Git\Revit_CalculationPlugin\Geberit.Revit.PlugIn.Native.Base\Data\Storage\LegacySchemaMigrater.cs:Zeile 153.
   bei Geberit.Revit.PlugIn.Native.Base.Environment.RevitDocumentManager.MigrateSchema(Document aDocument) in C:\Code\Git\Revit_CalculationPlugin\Geberit.Revit.PlugIn.Native.Base\Environment\RevitDocumentManager.cs:Zeile 126.
   bei Geberit.Revit.PlugIn.Base.Environment.DocumentManager`1.MigrateSchema(Object aDocumentObject) in C:\Code\Git\Revit_CalculationPlugin\Geberit.Revit.PlugIn.Base\Environment\DocumentManager.cs:Zeile 367.
   bei Geberit.Revit.PlugIn.Base.Environment.DocumentManager.CreateDocument(Object aDocumentObject) in C:\Code\Git\Revit_CalculationPlugin\Geberit.Revit.PlugIn.Base\Environment\DocumentManager.cs:Zeile 73.
   bei Geberit.Revit.PlugIn.Base.Environment.DocumentManager`1.CreateDocument(TDocument aDocument) in C:\Code\Git\Revit_CalculationPlugin\Geberit.Revit.PlugIn.Base\Environment\DocumentManager.cs:Zeile 306.
   bei Geberit.Revit.PlugIn.Native.Base.Environment.RevitDocumentManager.OpenAndActivateDocumentForTest(Document aDocument) in C:\Code\Git\Revit_CalculationPlugin\Geberit.Revit.PlugIn.Native.Base\Environment\RevitDocumentManager.cs:Zeile 194.
   bei Geberit.Revit.PlugIn.Tests.Native._Harness.RevitTestController..ctor(Document aDocument, UIApplication uiApplication) in C:\Code\Git\Revit_CalculationPlugin\Geberit.Revit.PlugIn.Tests.Native\_Harness\RevitTestController.cs:Zeile 35.
   bei Geberit.Revit.PlugIn.Tests.Native._Harness.TestHelper.CreateTestController(String fileName, UIApplication uiApplication) in C:\Code\Git\Revit_CalculationPlugin\Geberit.Revit.PlugIn.Tests.Native\_Harness\TestHelper.cs:Zeile 30.
   bei Geberit.Revit.PlugIn.Tests.Native.Tests.Base.OpenCloseChangeDocumentTest.SetMultipleModelTest(UIApplication uiApplication) in C:\Code\Git\Revit_CalculationPlugin\Geberit.Revit.PlugIn.Tests.Native\Tests\Base\OpenCloseChangeDocumentTest.cs:Zeile 35.
2020-09-16 15:37:20,771 [1] INFO  Revit.TestRunner.Log -  >> SetMultipleModelTest.SetMultipleModelTest - Failed - Methode nicht gefunden: "Void Autodesk.Revit.DB.Document.EraseSchemaAndAllEntities(Autodesk.Revit.DB.ExtensibleStorage.Schema)".
2020-09-16 15:37:20,771 [1] INFO  Revit.TestRunner.Log - 0-1038   Test Failed  - Geberit.Revit.PlugIn.Tests.Native.Tests.Base.OpenCloseChangeDocumentTest.SetMultipleModelTest
2020-09-16 15:37:20,778 [1] INFO  Revit.TestRunner.Log - 	Methode nicht gefunden: "Void Autodesk.Revit.DB.Document.EraseSchemaAndAllEntities(Autodesk.Revit.DB.ExtensibleStorage.Schema)".
2020-09-16 15:37:20,784 [1] INFO  Revit.TestRunner.Log - 	   bei Geberit.Revit.PlugIn.Native.Base.Data.Storage.LegacySchemaMigration.EraseSchema(Schema aSchema)
   bei Geberit.Revit.PlugIn.Native.Base.Data.Storage.LegacySchemaMigration.<>c__DisplayClass14_0.<EraseTestSchemas>b__3() in C:\Code\Git\Revit_CalculationPlugin\Geberit.Revit.PlugIn.Native.Base\Data\Storage\LegacySchemaMigrater.cs:Zeile 156.
   bei Geberit.Revit.PlugIn.Native.Base.Services.Transaction.RunAs(Document aDocument, String aName, IFailuresPreprocessor aFailuresPreprocessor, Action aAction) in C:\Code\Git\Revit_CalculationPlugin\Geberit.Revit.PlugIn.Native.Base\Services\Transaction.cs:Zeile 93.
   bei Geberit.Revit.PlugIn.Native.Base.Services.Transaction.RunAs(Document aDocument, String aName, Action aAction) in C:\Code\Git\Revit_CalculationPlugin\Geberit.Revit.PlugIn.Native.Base\Services\Transaction.cs:Zeile 62.
   bei Geberit.Revit.PlugIn.Native.Base.Data.Storage.LegacySchemaMigration.EraseTestSchemas() in C:\Code\Git\Revit_CalculationPlugin\Geberit.Revit.PlugIn.Native.Base\Data\Storage\LegacySchemaMigrater.cs:Zeile 153.
   bei Geberit.Revit.PlugIn.Native.Base.Environment.RevitDocumentManager.MigrateSchema(Document aDocument) in C:\Code\Git\Revit_CalculationPlugin\Geberit.Revit.PlugIn.Native.Base\Environment\RevitDocumentManager.cs:Zeile 126.
   bei Geberit.Revit.PlugIn.Base.Environment.DocumentManager`1.MigrateSchema(Object aDocumentObject) in C:\Code\Git\Revit_CalculationPlugin\Geberit.Revit.PlugIn.Base\Environment\DocumentManager.cs:Zeile 367.
   bei Geberit.Revit.PlugIn.Base.Environment.DocumentManager.CreateDocument(Object aDocumentObject) in C:\Code\Git\Revit_CalculationPlugin\Geberit.Revit.PlugIn.Base\Environment\DocumentManager.cs:Zeile 73.
   bei Geberit.Revit.PlugIn.Base.Environment.DocumentManager`1.CreateDocument(TDocument aDocument) in C:\Code\Git\Revit_CalculationPlugin\Geberit.Revit.PlugIn.Base\Environment\DocumentManager.cs:Zeile 306.
   bei Geberit.Revit.PlugIn.Native.Base.Environment.RevitDocumentManager.OpenAndActivateDocumentForTest(Document aDocument) in C:\Code\Git\Revit_CalculationPlugin\Geberit.Revit.PlugIn.Native.Base\Environment\RevitDocumentManager.cs:Zeile 194.
   bei Geberit.Revit.PlugIn.Tests.Native._Harness.RevitTestController..ctor(Document aDocument, UIApplication uiApplication) in C:\Code\Git\Revit_CalculationPlugin\Geberit.Revit.PlugIn.Tests.Native\_Harness\RevitTestController.cs:Zeile 35.
   bei Geberit.Revit.PlugIn.Tests.Native._Harness.TestHelper.CreateTestController(String fileName, UIApplication uiApplication) in C:\Code\Git\Revit_CalculationPlugin\Geberit.Revit.PlugIn.Tests.Native\_Harness\TestHelper.cs:Zeile 30.
   bei Geberit.Revit.PlugIn.Tests.Native.Tests.Base.OpenCloseChangeDocumentTest.SetMultipleModelTest(UIApplication uiApplication) in C:\Code\Git\Revit_CalculationPlugin\Geberit.Revit.PlugIn.Tests.Native\Tests\Base\OpenCloseChangeDocumentTest.cs:Zeile 35.
2020-09-16 15:37:20,796 [1] INFO  Revit.TestRunner.Log - Test run end - duration 00:00:09.8919941
2020-09-16 15:38:57,917 [1] INFO  Revit.TestRunner.Log - Service stopped '16.09.2020 15:38:57'
2020-09-17 13:04:07,183 [1] INFO  Revit.TestRunner.Log - Revit.TestRunner started '17.09.2020 13:04:07'
2020-09-17 13:04:07,185 [1] INFO  Revit.TestRunner.Log - Microsoft Windows NT 10.0.18363.0, NetFX 4.0.30319.42000
2020-09-17 13:04:07,185 [1] DEBUG Revit.TestRunner.Log - Log Directory 'C:\Code\GitHub\geberit\Revit.TestRunner\src\bin\Addin'
2020-09-17 13:04:07,185 [1] DEBUG Revit.TestRunner.Log - CurrentAppDomain.ApplicationBase 'C:\Program Files\Autodesk\Revit 2020\'
2020-09-17 13:04:07,213 [1] INFO  Revit.TestRunner.Log - Service started '17.09.2020 13:04:07'
2020-09-17 13:04:29,601 [1] INFO  Revit.TestRunner.Log - Service stopped '17.09.2020 13:04:29'
2020-09-17 13:07:57,457 [1] INFO  Revit.TestRunner.Log - Revit.TestRunner started '17.09.2020 13:07:57'
2020-09-17 13:07:57,457 [1] INFO  Revit.TestRunner.Log - Microsoft Windows NT 10.0.18363.0, NetFX 4.0.30319.42000
2020-09-17 13:07:57,457 [1] DEBUG Revit.TestRunner.Log - Log Directory 'C:\Code\GitHub\geberit\Revit.TestRunner\src\bin\Addin'
2020-09-17 13:07:57,457 [1] DEBUG Revit.TestRunner.Log - CurrentAppDomain.ApplicationBase 'C:\Program Files\Autodesk\Revit 2020\'
2020-09-17 13:09:21,605 [1] INFO  Revit.TestRunner.Log - Revit.TestRunner started '17.09.2020 13:09:21'
2020-09-17 13:09:21,605 [1] INFO  Revit.TestRunner.Log - Microsoft Windows NT 10.0.18363.0, NetFX 4.0.30319.42000
2020-09-17 13:09:21,605 [1] DEBUG Revit.TestRunner.Log - Log Directory 'C:\Code\GitHub\geberit\Revit.TestRunner\src\bin\Addin'
2020-09-17 13:09:21,605 [1] DEBUG Revit.TestRunner.Log - CurrentAppDomain.ApplicationBase 'C:\Program Files\Autodesk\Revit 2020\'
2020-09-17 13:12:13,293 [1] INFO  Revit.TestRunner.Log - Revit.TestRunner started '17.09.2020 13:12:13'
2020-09-17 13:12:13,294 [1] INFO  Revit.TestRunner.Log - Microsoft Windows NT 10.0.18363.0, NetFX 4.0.30319.42000
2020-09-17 13:12:13,294 [1] DEBUG Revit.TestRunner.Log - Log Directory 'C:\Code\GitHub\geberit\Revit.TestRunner\src\bin\Addin'
2020-09-17 13:12:13,294 [1] DEBUG Revit.TestRunner.Log - CurrentAppDomain.ApplicationBase 'C:\Program Files\Autodesk\Revit 2020\'
2020-09-17 13:14:02,694 [1] INFO  Revit.TestRunner.Log - Revit.TestRunner started '17.09.2020 13:14:02'
2020-09-17 13:14:02,695 [1] INFO  Revit.TestRunner.Log - Microsoft Windows NT 10.0.18363.0, NetFX 4.0.30319.42000
2020-09-17 13:14:02,695 [1] DEBUG Revit.TestRunner.Log - Log Directory 'C:\Code\GitHub\geberit\Revit.TestRunner\src\bin\Addin'
2020-09-17 13:14:02,695 [1] DEBUG Revit.TestRunner.Log - CurrentAppDomain.ApplicationBase 'C:\Program Files\Autodesk\Revit 2020\'
2020-09-17 13:14:02,733 [1] INFO  Revit.TestRunner.Log - Service started '17.09.2020 13:14:02'
2020-09-17 13:45:25,936 [1] INFO  Revit.TestRunner.Log - Revit.TestRunner started '17.09.2020 13:45:25'
2020-09-17 13:45:25,936 [1] INFO  Revit.TestRunner.Log - Microsoft Windows NT 10.0.18363.0, NetFX 4.0.30319.42000
2020-09-17 13:45:25,937 [1] DEBUG Revit.TestRunner.Log - Log Directory 'C:\Code\GitHub\geberit\Revit.TestRunner\src\bin\Addin'
2020-09-17 13:45:25,937 [1] DEBUG Revit.TestRunner.Log - CurrentAppDomain.ApplicationBase 'C:\Program Files\Autodesk\Revit 2020\'
2020-09-17 13:45:25,969 [1] INFO  Revit.TestRunner.Log - Service started '17.09.2020 13:45:25'
2020-09-17 13:45:42,974 [1] INFO  Revit.TestRunner.Log - Service stopped '17.09.2020 13:45:42'
2020-09-17 14:28:47,694 [1] INFO  Revit.TestRunner.Log - Revit.TestRunner started '17.09.2020 14:28:47'
2020-09-17 14:28:47,694 [1] INFO  Revit.TestRunner.Log - Microsoft Windows NT 10.0.18363.0, NetFX 4.0.30319.42000
2020-09-17 14:28:47,694 [1] DEBUG Revit.TestRunner.Log - Log Directory 'C:\Code\GitHub\geberit\Revit.TestRunner\src\bin\Addin'
2020-09-17 14:28:47,694 [1] DEBUG Revit.TestRunner.Log - CurrentAppDomain.ApplicationBase 'C:\Program Files\Autodesk\Revit 2020\'
2020-09-17 14:28:47,702 [1] INFO  Revit.TestRunner.Log - Service started '17.09.2020 14:28:47'
2020-09-17 14:29:06,274 [1] INFO  Revit.TestRunner.Log - Test Request '20200917-142906_6437' - AppRunner (1.2.0.2)
2020-09-17 14:29:06,316 [1] INFO  Revit.TestRunner.Log -  >> ToVector3Test.ToVector3Test - Passed - 
2020-09-17 14:29:06,316 [1] INFO  Revit.TestRunner.Log - 0-1009   Test Passed  - Geberit.Revit.PlugIn.Tests.Native.Tests.Pluvia.Support.ExtensionMethodesTests.ToVector3Test
2020-09-17 14:29:06,325 [1] INFO  Revit.TestRunner.Log -  >> ToXyzTest.ToXyzTest - Passed - 
2020-09-17 14:29:06,325 [1] INFO  Revit.TestRunner.Log - 0-1008   Test Passed  - Geberit.Revit.PlugIn.Tests.Native.Tests.Pluvia.Support.ExtensionMethodesTests.ToXyzTest
2020-09-17 14:29:06,333 [1] INFO  Revit.TestRunner.Log - Test run end - duration 00:00:00.0498694
2020-09-17 14:29:15,626 [1] INFO  Revit.TestRunner.Log - Service stopped '17.09.2020 14:29:15'
2020-09-17 14:31:22,744 [1] INFO  Revit.TestRunner.Log - Revit.TestRunner started '17.09.2020 14:31:22'
2020-09-17 14:31:22,744 [1] INFO  Revit.TestRunner.Log - Microsoft Windows NT 10.0.18363.0, NetFX 4.0.30319.42000
2020-09-17 14:31:22,744 [1] DEBUG Revit.TestRunner.Log - Log Directory 'C:\Code\GitHub\geberit\Revit.TestRunner\src\bin\Addin'
2020-09-17 14:31:22,744 [1] DEBUG Revit.TestRunner.Log - CurrentAppDomain.ApplicationBase 'C:\Program Files\Autodesk\Revit 2020\'
2020-09-17 14:31:23,762 [1] INFO  Revit.TestRunner.Log - Service started '17.09.2020 14:31:23'
2020-09-17 14:32:28,887 [1] INFO  Revit.TestRunner.Log - Service stopped '17.09.2020 14:32:28'
2020-09-17 15:05:29,181 [1] INFO  Revit.TestRunner.Log - Revit.TestRunner started '17.09.2020 15:05:29'
2020-09-17 15:05:29,181 [1] INFO  Revit.TestRunner.Log - Microsoft Windows NT 10.0.18363.0, NetFX 4.0.30319.42000
2020-09-17 15:05:29,182 [1] DEBUG Revit.TestRunner.Log - Log Directory 'C:\Code\GitHub\geberit\Revit.TestRunner\src\bin\Addin'
2020-09-17 15:05:29,182 [1] DEBUG Revit.TestRunner.Log - CurrentAppDomain.ApplicationBase 'C:\Program Files\Autodesk\Revit 2020\'
2020-09-17 15:05:29,215 [1] INFO  Revit.TestRunner.Log - Service started '17.09.2020 15:05:29'
2020-09-17 15:06:12,525 [1] INFO  Revit.TestRunner.Log - Service stopped '17.09.2020 15:06:12'
2020-09-17 15:08:35,419 [1] INFO  Revit.TestRunner.Log - Revit.TestRunner started '17.09.2020 15:08:35'
2020-09-17 15:08:35,419 [1] INFO  Revit.TestRunner.Log - Microsoft Windows NT 10.0.18363.0, NetFX 4.0.30319.42000
2020-09-17 15:08:35,419 [1] DEBUG Revit.TestRunner.Log - Log Directory 'C:\Code\GitHub\geberit\Revit.TestRunner\src\bin\Addin'
2020-09-17 15:08:35,419 [1] DEBUG Revit.TestRunner.Log - CurrentAppDomain.ApplicationBase 'C:\Program Files\Autodesk\Revit 2020\'
2020-09-17 15:08:35,423 [1] INFO  Revit.TestRunner.Log - Service started '17.09.2020 15:08:35'
2020-09-17 15:08:46,511 [1] INFO  Revit.TestRunner.Log - Service stopped '17.09.2020 15:08:46'
2020-09-17 15:09:55,496 [1] INFO  Revit.TestRunner.Log - Revit.TestRunner started '17.09.2020 15:09:55'
2020-09-17 15:09:55,496 [1] INFO  Revit.TestRunner.Log - Microsoft Windows NT 10.0.18363.0, NetFX 4.0.30319.42000
2020-09-17 15:09:55,496 [1] DEBUG Revit.TestRunner.Log - Log Directory 'C:\Code\GitHub\geberit\Revit.TestRunner\src\bin\Addin'
2020-09-17 15:09:55,496 [1] DEBUG Revit.TestRunner.Log - CurrentAppDomain.ApplicationBase 'C:\Program Files\Autodesk\Revit 2020\'
2020-09-17 15:09:55,501 [1] INFO  Revit.TestRunner.Log - Service started '17.09.2020 15:09:55'
2020-09-17 15:10:58,092 [1] INFO  Revit.TestRunner.Log - Service stopped '17.09.2020 15:10:58'
2020-09-17 15:11:22,669 [1] INFO  Revit.TestRunner.Log - Revit.TestRunner started '17.09.2020 15:11:22'
2020-09-17 15:11:22,669 [1] INFO  Revit.TestRunner.Log - Microsoft Windows NT 10.0.18363.0, NetFX 4.0.30319.42000
2020-09-17 15:11:22,669 [1] DEBUG Revit.TestRunner.Log - Log Directory 'C:\Code\GitHub\geberit\Revit.TestRunner\src\bin\Addin'
2020-09-17 15:11:22,669 [1] DEBUG Revit.TestRunner.Log - CurrentAppDomain.ApplicationBase 'C:\Program Files\Autodesk\Revit 2020\'
2020-09-17 15:11:22,675 [1] INFO  Revit.TestRunner.Log - Service started '17.09.2020 15:11:22'
2020-09-17 15:22:49,283 [1] INFO  Revit.TestRunner.Log - Service stopped '17.09.2020 15:22:49'
2020-09-17 15:24:43,586 [1] INFO  Revit.TestRunner.Log - Revit.TestRunner started '17.09.2020 15:24:43'
2020-09-17 15:24:43,586 [1] INFO  Revit.TestRunner.Log - Microsoft Windows NT 10.0.18363.0, NetFX 4.0.30319.42000
2020-09-17 15:24:43,587 [1] DEBUG Revit.TestRunner.Log - Log Directory 'C:\Code\GitHub\geberit\Revit.TestRunner\src\bin\Addin'
2020-09-17 15:24:43,587 [1] DEBUG Revit.TestRunner.Log - CurrentAppDomain.ApplicationBase 'C:\Program Files\Autodesk\Revit 2020\'
2020-09-17 15:24:43,591 [1] INFO  Revit.TestRunner.Log - Service started '17.09.2020 15:24:43'
2020-09-17 15:24:46,471 [1] INFO  Revit.TestRunner.Log - Test Request '20200917-152421_3893' - ConsoleRunner (1.2.0.2)
2020-09-17 15:25:10,406 [1] INFO  Revit.TestRunner.Log -  >> LoadSaveDocument.LoadSaveDocument - Passed - 
2020-09-17 15:25:10,406 [1] INFO  Revit.TestRunner.Log - 0-1035   Test Passed  - Geberit.Revit.PlugIn.Tests.Native.Tests.Base.LoadSaveTest.LoadSaveDocument
2020-09-17 15:25:13,092 [1] INFO  Revit.TestRunner.Log -  >> SetModelTest.SetModelTest - Passed - 
2020-09-17 15:25:13,092 [1] INFO  Revit.TestRunner.Log - 0-1037   Test Passed  - Geberit.Revit.PlugIn.Tests.Native.Tests.Base.OpenCloseChangeDocumentTest.SetModelTest
2020-09-17 15:25:16,807 [1] INFO  Revit.TestRunner.Log -  >> SetMultipleModelTest.SetMultipleModelTest - Passed - 
2020-09-17 15:25:16,807 [1] INFO  Revit.TestRunner.Log - 0-1038   Test Passed  - Geberit.Revit.PlugIn.Tests.Native.Tests.Base.OpenCloseChangeDocumentTest.SetMultipleModelTest
2020-09-17 15:25:16,815 [1] INFO  Revit.TestRunner.Log - Test run end - duration 00:00:30.3372865
2020-09-17 15:25:57,357 [1] INFO  Revit.TestRunner.Log - Revit.TestRunner started '17.09.2020 15:25:57'
2020-09-17 15:25:57,357 [1] INFO  Revit.TestRunner.Log - Microsoft Windows NT 10.0.18363.0, NetFX 4.0.30319.42000
2020-09-17 15:25:57,358 [1] DEBUG Revit.TestRunner.Log - Log Directory 'C:\Code\GitHub\geberit\Revit.TestRunner\src\bin\Addin'
2020-09-17 15:25:57,358 [1] DEBUG Revit.TestRunner.Log - CurrentAppDomain.ApplicationBase 'C:\Program Files\Autodesk\Revit 2020\'
2020-09-17 15:25:57,367 [1] INFO  Revit.TestRunner.Log - Service started '17.09.2020 15:25:57'
2020-09-17 15:26:05,321 [1] INFO  Revit.TestRunner.Log - Test Request '20200917-152603_4351' - ConsoleRunner (1.2.0.2)
2020-09-17 15:26:29,158 [1] INFO  Revit.TestRunner.Log -  >> LoadSaveDocument.LoadSaveDocument - Passed - 
2020-09-17 15:26:29,158 [1] INFO  Revit.TestRunner.Log - 0-1035   Test Passed  - Geberit.Revit.PlugIn.Tests.Native.Tests.Base.LoadSaveTest.LoadSaveDocument
2020-09-17 15:26:31,730 [1] INFO  Revit.TestRunner.Log -  >> SetModelTest.SetModelTest - Passed - 
2020-09-17 15:26:31,730 [1] INFO  Revit.TestRunner.Log - 0-1037   Test Passed  - Geberit.Revit.PlugIn.Tests.Native.Tests.Base.OpenCloseChangeDocumentTest.SetModelTest
2020-09-17 15:26:35,311 [1] INFO  Revit.TestRunner.Log -  >> SetMultipleModelTest.SetMultipleModelTest - Passed - 
2020-09-17 15:26:35,311 [1] INFO  Revit.TestRunner.Log - 0-1038   Test Passed  - Geberit.Revit.PlugIn.Tests.Native.Tests.Base.OpenCloseChangeDocumentTest.SetMultipleModelTest
2020-09-17 15:26:35,319 [1] INFO  Revit.TestRunner.Log - Test run end - duration 00:00:29.9908864
2020-09-17 15:26:46,505 [1] INFO  Revit.TestRunner.Log - Service stopped '17.09.2020 15:26:46'
2020-09-17 15:38:19,818 [1] INFO  Revit.TestRunner.Log - Revit.TestRunner started '17.09.2020 15:38:19'
2020-09-17 15:38:19,819 [1] INFO  Revit.TestRunner.Log - Microsoft Windows NT 10.0.18363.0, NetFX 4.0.30319.42000
2020-09-17 15:38:19,819 [1] DEBUG Revit.TestRunner.Log - Log Directory 'C:\Code\GitHub\geberit\Revit.TestRunner\src\bin\Addin'
2020-09-17 15:38:19,819 [1] DEBUG Revit.TestRunner.Log - CurrentAppDomain.ApplicationBase 'C:\Program Files\Autodesk\Revit 2020\'
2020-09-17 15:38:19,838 [1] INFO  Revit.TestRunner.Log - Service started '17.09.2020 15:38:19'
2020-09-17 16:21:34,325 [1] INFO  Revit.TestRunner.Log - Revit.TestRunner started '17.09.2020 16:21:34'
2020-09-17 16:21:34,325 [1] INFO  Revit.TestRunner.Log - Microsoft Windows NT 10.0.18363.0, NetFX 4.0.30319.42000
2020-09-17 16:21:34,326 [1] DEBUG Revit.TestRunner.Log - Log Directory 'C:\Code\GitHub\geberit\Revit.TestRunner\src\bin\Addin'
2020-09-17 16:21:34,326 [1] DEBUG Revit.TestRunner.Log - CurrentAppDomain.ApplicationBase 'C:\Program Files\Autodesk\Revit 2020\'
2020-09-17 16:21:34,333 [1] INFO  Revit.TestRunner.Log - Service started '17.09.2020 16:21:34'
2020-09-17 16:21:54,717 [1] INFO  Revit.TestRunner.Log - Test Request '20200917-162153_4191' - AppRunner (1.2.0.2)
2020-09-17 16:21:54,861 [1] INFO  Revit.TestRunner.Log -  >> ToVector3Test.ToVector3Test - Passed - 
2020-09-17 16:21:54,861 [1] INFO  Revit.TestRunner.Log - 0-1009   Test Passed  - Geberit.Revit.PlugIn.Tests.Native.Tests.Pluvia.Support.ExtensionMethodesTests.ToVector3Test
2020-09-17 16:21:54,873 [1] INFO  Revit.TestRunner.Log -  >> ToXyzTest.ToXyzTest - Passed - 
2020-09-17 16:21:54,873 [1] INFO  Revit.TestRunner.Log - 0-1008   Test Passed  - Geberit.Revit.PlugIn.Tests.Native.Tests.Pluvia.Support.ExtensionMethodesTests.ToXyzTest
2020-09-17 16:21:54,881 [1] INFO  Revit.TestRunner.Log - Test run end - duration 00:00:00.1565474
2020-09-17 16:22:03,187 [1] INFO  Revit.TestRunner.Log - Service stopped '17.09.2020 16:22:03'
2020-09-17 16:23:20,652 [1] INFO  Revit.TestRunner.Log - Revit.TestRunner started '17.09.2020 16:23:20'
2020-09-17 16:23:20,652 [1] INFO  Revit.TestRunner.Log - Microsoft Windows NT 10.0.18363.0, NetFX 4.0.30319.42000
2020-09-17 16:23:20,652 [1] DEBUG Revit.TestRunner.Log - Log Directory 'C:\Code\GitHub\geberit\Revit.TestRunner\src\bin\Addin'
2020-09-17 16:23:20,652 [1] DEBUG Revit.TestRunner.Log - CurrentAppDomain.ApplicationBase 'C:\Program Files\Autodesk\Revit 2020\'
2020-09-17 16:23:20,657 [1] INFO  Revit.TestRunner.Log - Service started '17.09.2020 16:23:20'
2020-09-17 16:23:24,232 [1] INFO  Revit.TestRunner.Log - Test Request '20200917-162301_1870' - AppRunner (1.2.0.2)
2020-09-17 16:23:24,296 [1] INFO  Revit.TestRunner.Log -  >> ToVector3Test.ToVector3Test - Passed - 
2020-09-17 16:23:24,296 [1] INFO  Revit.TestRunner.Log - 0-1009   Test Passed  - Geberit.Revit.PlugIn.Tests.Native.Tests.Pluvia.Support.ExtensionMethodesTests.ToVector3Test
2020-09-17 16:23:24,306 [1] INFO  Revit.TestRunner.Log -  >> ToXyzTest.ToXyzTest - Passed - 
2020-09-17 16:23:24,306 [1] INFO  Revit.TestRunner.Log - 0-1008   Test Passed  - Geberit.Revit.PlugIn.Tests.Native.Tests.Pluvia.Support.ExtensionMethodesTests.ToXyzTest
2020-09-17 16:23:25,279 [1] ERROR Revit.TestRunner.Log - System.MissingMethodException: Method not found: 'Void Autodesk.Revit.DB.Document.EraseSchemaAndAllEntities(Autodesk.Revit.DB.ExtensibleStorage.Schema)'.
   at Geberit.Revit.PlugIn.Native.Base.Data.Storage.LegacySchemaMigration.EraseSchema(Schema aSchema)
   at Geberit.Revit.PlugIn.Native.Base.Data.Storage.LegacySchemaMigration.<>c__DisplayClass14_0.<EraseTestSchemas>b__3() in C:\Code\Git\Revit_CalculationPlugin\Geberit.Revit.PlugIn.Native.Base\Data\Storage\LegacySchemaMigrater.cs:line 156
   at Geberit.Revit.PlugIn.Native.Base.Services.Transaction.RunAs(Document aDocument, String aName, IFailuresPreprocessor aFailuresPreprocessor, Action aAction) in C:\Code\Git\Revit_CalculationPlugin\Geberit.Revit.PlugIn.Native.Base\Services\Transaction.cs:line 93
   at Geberit.Revit.PlugIn.Native.Base.Services.Transaction.RunAs(Document aDocument, String aName, Action aAction) in C:\Code\Git\Revit_CalculationPlugin\Geberit.Revit.PlugIn.Native.Base\Services\Transaction.cs:line 62
   at Geberit.Revit.PlugIn.Native.Base.Data.Storage.LegacySchemaMigration.EraseTestSchemas() in C:\Code\Git\Revit_CalculationPlugin\Geberit.Revit.PlugIn.Native.Base\Data\Storage\LegacySchemaMigrater.cs:line 153
   at Geberit.Revit.PlugIn.Native.Base.Environment.RevitDocumentManager.MigrateSchema(Document aDocument) in C:\Code\Git\Revit_CalculationPlugin\Geberit.Revit.PlugIn.Native.Base\Environment\RevitDocumentManager.cs:line 126
   at Geberit.Revit.PlugIn.Base.Environment.DocumentManager`1.MigrateSchema(Object aDocumentObject) in C:\Code\Git\Revit_CalculationPlugin\Geberit.Revit.PlugIn.Base\Environment\DocumentManager.cs:line 367
   at Geberit.Revit.PlugIn.Base.Environment.DocumentManager.CreateDocument(Object aDocumentObject) in C:\Code\Git\Revit_CalculationPlugin\Geberit.Revit.PlugIn.Base\Environment\DocumentManager.cs:line 73
   at Geberit.Revit.PlugIn.Base.Environment.DocumentManager`1.CreateDocument(TDocument aDocument) in C:\Code\Git\Revit_CalculationPlugin\Geberit.Revit.PlugIn.Base\Environment\DocumentManager.cs:line 306
   at Geberit.Revit.PlugIn.Native.Base.Environment.RevitDocumentManager.OpenAndActivateDocumentForTest(Document aDocument) in C:\Code\Git\Revit_CalculationPlugin\Geberit.Revit.PlugIn.Native.Base\Environment\RevitDocumentManager.cs:line 194
   at Geberit.Revit.PlugIn.Tests.Native._Harness.RevitTestController..ctor(Document aDocument, UIApplication uiApplication) in C:\Code\Git\Revit_CalculationPlugin\Geberit.Revit.PlugIn.Tests.Native\_Harness\RevitTestController.cs:line 35
   at Geberit.Revit.PlugIn.Tests.Native._Harness.TestHelper.CreateTestController(String fileName, UIApplication uiApplication) in C:\Code\Git\Revit_CalculationPlugin\Geberit.Revit.PlugIn.Tests.Native\_Harness\TestHelper.cs:line 30
   at Geberit.Revit.PlugIn.Tests.Native._Harness.AbstractSingleFileTest.SetUp(UIApplication uiApplication) in C:\Code\Git\Revit_CalculationPlugin\Geberit.Revit.PlugIn.Tests.Native\_Harness\AbstractSingleFileTest.cs:line 42
2020-09-17 16:23:25,287 [1] ERROR Revit.TestRunner.Log - System.NullReferenceException: Object reference not set to an instance of an object.
   at Geberit.Revit.PlugIn.Tests.Native._Harness.AbstractSingleFileTest.TearDown(UIApplication uiApplication) in C:\Code\Git\Revit_CalculationPlugin\Geberit.Revit.PlugIn.Tests.Native\_Harness\AbstractSingleFileTest.cs:line 49
2020-09-17 16:23:25,288 [1] INFO  Revit.TestRunner.Log -  >> CreateBendTest.CreateBendTest - Failed - Object reference not set to an instance of an object.
2020-09-17 16:23:25,288 [1] INFO  Revit.TestRunner.Log - 0-1016   Test Failed  - Geberit.Revit.PlugIn.Tests.Native.Tests.Pluvia.Sortiment.MepInstanceCreatorTest.CreateBendTest
2020-09-17 16:23:25,292 [1] INFO  Revit.TestRunner.Log - 	Object reference not set to an instance of an object.
2020-09-17 16:23:25,296 [1] INFO  Revit.TestRunner.Log - 	   at Geberit.Revit.PlugIn.Tests.Native._Harness.AbstractSingleFileTest.TearDown(UIApplication uiApplication) in C:\Code\Git\Revit_CalculationPlugin\Geberit.Revit.PlugIn.Tests.Native\_Harness\AbstractSingleFileTest.cs:line 49
2020-09-17 16:23:25,305 [1] INFO  Revit.TestRunner.Log - Test run end - duration 00:00:01.0649137
2020-09-21 11:19:32,132 [1] INFO  Revit.TestRunner.Log - Revit.TestRunner started '21.09.2020 11:19:32'
2020-09-21 11:19:32,133 [1] INFO  Revit.TestRunner.Log - Microsoft Windows NT 10.0.18363.0, NetFX 4.0.30319.42000
2020-09-21 11:19:32,133 [1] DEBUG Revit.TestRunner.Log - Log Directory 'C:\Code\GitHub\geberit\Revit.TestRunner\src\bin\Addin'
2020-09-21 11:19:32,133 [1] DEBUG Revit.TestRunner.Log - CurrentAppDomain.ApplicationBase 'C:\Program Files\Autodesk\Revit 2020\'
2020-09-21 11:19:32,160 [1] INFO  Revit.TestRunner.Log - Service started '21.09.2020 11:19:32'
2020-09-21 11:38:42,022 [1] INFO  Revit.TestRunner.Log - Service stopped '21.09.2020 11:38:42'
2020-09-21 11:41:15,973 [1] INFO  Revit.TestRunner.Log - Revit.TestRunner started '21.09.2020 11:41:15'
2020-09-21 11:41:15,973 [1] INFO  Revit.TestRunner.Log - Microsoft Windows NT 10.0.18363.0, NetFX 4.0.30319.42000
2020-09-21 11:41:15,974 [1] DEBUG Revit.TestRunner.Log - Log Directory 'C:\Code\GitHub\geberit\Revit.TestRunner\src\bin\Addin'
2020-09-21 11:41:15,974 [1] DEBUG Revit.TestRunner.Log - CurrentAppDomain.ApplicationBase 'C:\Program Files\Autodesk\Revit 2020\'
2020-09-21 11:41:15,995 [1] INFO  Revit.TestRunner.Log - Service started '21.09.2020 11:41:15'
2020-09-21 11:48:47,877 [1] INFO  Revit.TestRunner.Log - Revit.TestRunner started '21.09.2020 11:48:47'
2020-09-21 11:48:47,877 [1] INFO  Revit.TestRunner.Log - Microsoft Windows NT 10.0.18363.0, NetFX 4.0.30319.42000
2020-09-21 11:48:47,877 [1] DEBUG Revit.TestRunner.Log - Log Directory 'C:\Code\GitHub\geberit\Revit.TestRunner\src\bin\Addin'
2020-09-21 11:48:47,877 [1] DEBUG Revit.TestRunner.Log - CurrentAppDomain.ApplicationBase 'C:\Program Files\Autodesk\Revit 2020\'
2020-09-21 11:48:47,905 [1] INFO  Revit.TestRunner.Log - Service started '21.09.2020 11:48:47'
2020-09-21 11:49:20,807 [1] INFO  Revit.TestRunner.Log - Service stopped '21.09.2020 11:49:20'
2020-09-21 11:51:36,879 [1] INFO  Revit.TestRunner.Log - Revit.TestRunner started '21.09.2020 11:51:36'
2020-09-21 11:51:36,880 [1] INFO  Revit.TestRunner.Log - Microsoft Windows NT 10.0.18363.0, NetFX 4.0.30319.42000
2020-09-21 11:51:36,880 [1] DEBUG Revit.TestRunner.Log - Log Directory 'C:\Code\GitHub\geberit\Revit.TestRunner\src\bin\Addin'
2020-09-21 11:51:36,880 [1] DEBUG Revit.TestRunner.Log - CurrentAppDomain.ApplicationBase 'C:\Program Files\Autodesk\Revit 2020\'
2020-09-21 11:51:36,920 [1] INFO  Revit.TestRunner.Log - Service started '21.09.2020 11:51:36'
2020-09-21 11:53:16,558 [1] INFO  Revit.TestRunner.Log - Revit.TestRunner started '21.09.2020 11:53:16'
2020-09-21 11:53:16,558 [1] INFO  Revit.TestRunner.Log - Microsoft Windows NT 10.0.18363.0, NetFX 4.0.30319.42000
2020-09-21 11:53:16,559 [1] DEBUG Revit.TestRunner.Log - Log Directory 'C:\Code\GitHub\geberit\Revit.TestRunner\src\bin\Addin'
2020-09-21 11:53:16,559 [1] DEBUG Revit.TestRunner.Log - CurrentAppDomain.ApplicationBase 'C:\Program Files\Autodesk\Revit 2020\'
2020-09-21 11:53:16,603 [1] INFO  Revit.TestRunner.Log - Service started '21.09.2020 11:53:16'
2020-09-21 11:55:39,065 [1] INFO  Revit.TestRunner.Log - Revit.TestRunner started '21.09.2020 11:55:39'
2020-09-21 11:55:39,065 [1] INFO  Revit.TestRunner.Log - Microsoft Windows NT 10.0.18363.0, NetFX 4.0.30319.42000
2020-09-21 11:55:39,066 [1] DEBUG Revit.TestRunner.Log - Log Directory 'C:\Code\GitHub\geberit\Revit.TestRunner\src\bin\Addin'
2020-09-21 11:55:39,066 [1] DEBUG Revit.TestRunner.Log - CurrentAppDomain.ApplicationBase 'C:\Program Files\Autodesk\Revit 2020\'
2020-09-21 11:55:39,074 [1] INFO  Revit.TestRunner.Log - Service started '21.09.2020 11:55:39'
2020-09-21 11:55:55,469 [1] INFO  Revit.TestRunner.Log - Test Request '20200921-114635_5230' - ConsoleRunner (1.2.0.2)
2020-09-21 11:56:32,148 [1] INFO  Revit.TestRunner.Log -  >> RunNUnitGigro.RunNUnitGigro - Passed - 
2020-09-21 11:56:32,148 [1] INFO  Revit.TestRunner.Log - 0-1001   Test Passed  - Geberit.Revit.PlugIn.Tests.Native.AggregatedTests.RunNUnitGigro
2020-09-21 11:56:32,156 [1] INFO  Revit.TestRunner.Log - Test run end - duration 00:00:36.6783274
2020-09-21 12:04:00,617 [1] INFO  Revit.TestRunner.Log - Revit.TestRunner started '21.09.2020 12:04:00'
2020-09-21 12:04:00,617 [1] INFO  Revit.TestRunner.Log - Microsoft Windows NT 10.0.18363.0, NetFX 4.0.30319.42000
2020-09-21 12:04:00,617 [1] DEBUG Revit.TestRunner.Log - Log Directory 'C:\Code\GitHub\geberit\Revit.TestRunner\src\bin\Addin'
2020-09-21 12:04:00,617 [1] DEBUG Revit.TestRunner.Log - CurrentAppDomain.ApplicationBase 'C:\Program Files\Autodesk\Revit 2020\'
2020-09-21 12:04:00,623 [1] INFO  Revit.TestRunner.Log - Service started '21.09.2020 12:04:00'
2020-09-21 12:04:12,436 [1] INFO  Revit.TestRunner.Log - Test Request '20200921-120411_9251' - ConsoleRunner (1.2.0.2)
2020-09-21 12:04:45,728 [1] INFO  Revit.TestRunner.Log -  >> RunNUnitGigro.RunNUnitGigro - Passed - 
2020-09-21 12:04:45,728 [1] INFO  Revit.TestRunner.Log - 0-1001   Test Passed  - Geberit.Revit.PlugIn.Tests.Native.AggregatedTests.RunNUnitGigro
2020-09-21 12:04:45,738 [1] INFO  Revit.TestRunner.Log - Test run end - duration 00:00:33.2936743
2020-09-21 13:10:30,407 [1] INFO  Revit.TestRunner.Log - Service stopped '21.09.2020 13:10:30'
2020-09-22 13:25:19,432 [1] INFO  Revit.TestRunner.Log - Revit.TestRunner started '22.09.2020 13:25:19'
2020-09-22 13:25:19,432 [1] INFO  Revit.TestRunner.Log - Microsoft Windows NT 10.0.18363.0, NetFX 4.0.30319.42000
2020-09-22 13:25:19,432 [1] DEBUG Revit.TestRunner.Log - Log Directory 'C:\Code\GitHub\geberit\Revit.TestRunner\install\Addin'
2020-09-22 13:25:19,432 [1] DEBUG Revit.TestRunner.Log - CurrentAppDomain.ApplicationBase 'C:\Program Files\Autodesk\Revit 2021\'
2020-09-22 13:25:19,440 [1] INFO  Revit.TestRunner.Log - Service started '22.09.2020 13:25:19'
2020-09-22 13:26:12,588 [1] INFO  Revit.TestRunner.Log - Test Request '20200922-132611_6187' - AppRunner (1.2.0.2)
2020-09-22 13:26:12,644 [1] INFO  Revit.TestRunner.Log -  >> SumTest.SumTest - Passed - 
2020-09-22 13:26:12,644 [1] INFO  Revit.TestRunner.Log - 0-1012   Test Passed  - Revit.TestRunner.SampleTestProject.ParameterTest.SumTest
2020-09-22 13:26:12,653 [1] INFO  Revit.TestRunner.Log -  >> SumTest.SumTest - Passed - 
2020-09-22 13:26:12,653 [1] INFO  Revit.TestRunner.Log - 0-1013   Test Passed  - Revit.TestRunner.SampleTestProject.ParameterTest.SumTest
2020-09-22 13:26:12,662 [1] INFO  Revit.TestRunner.Log -  >> SumTest.SumTest - Passed - 
2020-09-22 13:26:12,662 [1] INFO  Revit.TestRunner.Log - 0-1014   Test Passed  - Revit.TestRunner.SampleTestProject.ParameterTest.SumTest
2020-09-22 13:26:12,670 [1] INFO  Revit.TestRunner.Log -  >> ApplicationTest.ApplicationTest - Passed - 
2020-09-22 13:26:12,670 [1] INFO  Revit.TestRunner.Log - 0-1009   Test Passed  - Revit.TestRunner.SampleTestProject.ParameterTest.ApplicationTest
2020-09-22 13:26:12,679 [1] INFO  Revit.TestRunner.Log -  >> MultiParameterTest1.MultiParameterTest1 - Passed - 
2020-09-22 13:26:12,679 [1] INFO  Revit.TestRunner.Log - 0-1010   Test Passed  - Revit.TestRunner.SampleTestProject.ParameterTest.MultiParameterTest1
2020-09-22 13:26:12,687 [1] INFO  Revit.TestRunner.Log -  >> MultiParameterTest2.MultiParameterTest2 - Passed - 
2020-09-22 13:26:12,687 [1] INFO  Revit.TestRunner.Log - 0-1011   Test Passed  - Revit.TestRunner.SampleTestProject.ParameterTest.MultiParameterTest2
2020-09-22 13:26:12,696 [1] INFO  Revit.TestRunner.Log -  >> UiApplicationTest.UiApplicationTest - Passed - 
2020-09-22 13:26:12,696 [1] INFO  Revit.TestRunner.Log - 0-1008   Test Passed  - Revit.TestRunner.SampleTestProject.ParameterTest.UiApplicationTest
2020-09-22 13:26:12,721 [1] INFO  Revit.TestRunner.Log -  >> XyzMultiplyTest.XyzMultiplyTest - Passed - 
2020-09-22 13:26:12,721 [1] INFO  Revit.TestRunner.Log - 0-1018   Test Passed  - Revit.TestRunner.SampleTestProject.RevitTest.XyzMultiplyTest
2020-09-22 13:26:12,731 [1] INFO  Revit.TestRunner.Log -  >> XyzTest.XyzTest - Passed - 
2020-09-22 13:26:12,731 [1] INFO  Revit.TestRunner.Log - 0-1017   Test Passed  - Revit.TestRunner.SampleTestProject.RevitTest.XyzTest
2020-09-22 13:26:12,773 [1] ERROR Revit.TestRunner.Log - NUnit.Framework.AssertionException:   This Test should fail!
  Expected: True
  But was:  False

   bei NUnit.Framework.Assert.ReportFailure(String message) in D:\a\1\s\src\NUnitFramework\framework\Assert.cs:Zeile 394.
   bei NUnit.Framework.Assert.That[TActual](TActual actual, IResolveConstraint expression, String message, Object[] args) in D:\a\1\s\src\NUnitFramework\framework\Assert.That.cs:Zeile 241.
   bei Revit.TestRunner.SampleTestProject.SampleTest.FailTest()
2020-09-22 13:26:12,773 [1] INFO  Revit.TestRunner.Log -  >> FailTest.FailTest - Failed -   This Test should fail!
  Expected: True
  But was:  False

2020-09-22 13:26:12,773 [1] INFO  Revit.TestRunner.Log - 0-1021   Test Failed  - Revit.TestRunner.SampleTestProject.SampleTest.FailTest
2020-09-22 13:26:12,777 [1] INFO  Revit.TestRunner.Log - 	  This Test should fail!
  Expected: True
  But was:  False

2020-09-22 13:26:12,781 [1] INFO  Revit.TestRunner.Log - 	   bei NUnit.Framework.Assert.ReportFailure(String message) in D:\a\1\s\src\NUnitFramework\framework\Assert.cs:Zeile 394.
   bei NUnit.Framework.Assert.That[TActual](TActual actual, IResolveConstraint expression, String message, Object[] args) in D:\a\1\s\src\NUnitFramework\framework\Assert.That.cs:Zeile 241.
   bei Revit.TestRunner.SampleTestProject.SampleTest.FailTest()
2020-09-22 13:26:12,791 [1] INFO  Revit.TestRunner.Log -  >> PassTest.PassTest - Passed - 
2020-09-22 13:26:12,791 [1] INFO  Revit.TestRunner.Log - 0-1020   Test Passed  - Revit.TestRunner.SampleTestProject.SampleTest.PassTest
2020-09-22 13:26:12,800 [1] INFO  Revit.TestRunner.Log - Test run end - duration 00:00:00.2025267
